=== Docker Build Log for afb129122a64bde3bd0c ===
Started at: Mi 29. Okt 19:22:58 CET 2025

[2025-10-29 19:22:58] START: Building image for afb129122a64bde3bd0c
#0 building with "default" instance using docker driver

#1 [internal] load build definition from Dockerfile
#1 transferring dockerfile: 266B done
#1 DONE 0.0s

#2 [internal] load metadata for docker.io/library/python:3.11
#2 DONE 0.0s

#3 [internal] load .dockerignore
#3 transferring context: 2B done
#3 DONE 0.0s

#4 [internal] load build context
#4 transferring context: 5.84kB 0.0s done
#4 DONE 0.0s

#5 [1/6] FROM docker.io/library/python:3.11
#5 CACHED

#6 [2/6] COPY hard-gists/afb129122a64bde3bd0c/snippet.py /snippet.py
#6 DONE 0.1s

#7 [3/6] RUN ["pip","install","h5py"]
#7 2.051 Collecting h5py
#7 2.097   Downloading h5py-3.15.1-cp311-cp311-manylinux_2_27_x86_64.manylinux_2_28_x86_64.whl.metadata (3.0 kB)
#7 2.319 Collecting numpy>=1.21.2 (from h5py)
#7 2.330   Downloading numpy-2.3.4-cp311-cp311-manylinux_2_27_x86_64.manylinux_2_28_x86_64.whl.metadata (62 kB)
#7 2.355      ━━━━━━━━━━━━━━━━━━━━━━━━━━━━━━━━━━━━━━━━ 62.1/62.1 kB 2.3 MB/s eta 0:00:00
#7 2.374 Downloading h5py-3.15.1-cp311-cp311-manylinux_2_27_x86_64.manylinux_2_28_x86_64.whl (4.7 MB)
#7 2.725    ━━━━━━━━━━━━━━━━━━━━━━━━━━━━━━━━━━━━━━━━ 4.7/4.7 MB 13.4 MB/s eta 0:00:00
#7 2.735 Downloading numpy-2.3.4-cp311-cp311-manylinux_2_27_x86_64.manylinux_2_28_x86_64.whl (16.9 MB)
#7 4.159    ━━━━━━━━━━━━━━━━━━━━━━━━━━━━━━━━━━━━━━━━ 16.9/16.9 MB 13.4 MB/s eta 0:00:00
#7 4.246 Installing collected packages: numpy, h5py
#7 5.782 Successfully installed h5py-3.15.1 numpy-2.3.4
#7 5.782 WARNING: Running pip as the 'root' user can result in broken permissions and conflicting behaviour with the system package manager. It is recommended to use a virtual environment instead: https://pip.pypa.io/warnings/venv
#7 5.878 
#7 5.878 [notice] A new release of pip is available: 24.0 -> 25.3
#7 5.878 [notice] To update, run: pip install --upgrade pip
#7 DONE 6.8s

#8 [4/6] RUN ["pip","install","fuel"]
#8 0.632 Collecting fuel
#8 0.776   Downloading fuel-0.2.0.tar.gz (184 kB)
#8 0.817      ━━━━━━━━━━━━━━━━━━━━━━━━━━━━━━━━━━━━━━━ 184.3/184.3 kB 4.5 MB/s eta 0:00:00
#8 0.832   Preparing metadata (setup.py): started
#8 1.286   Preparing metadata (setup.py): finished with status 'done'
#8 1.297 Requirement already satisfied: numpy in /usr/local/lib/python3.11/site-packages (from fuel) (2.3.4)
#8 1.331 Collecting six (from fuel)
#8 1.341   Downloading six-1.17.0-py2.py3-none-any.whl.metadata (1.7 kB)
#8 1.476 Collecting picklable_itertools (from fuel)
#8 1.629   Downloading picklable-itertools-0.1.1.tar.gz (11 kB)
#8 1.647   Preparing metadata (setup.py): started
#8 1.756   Preparing metadata (setup.py): finished with status 'done'
#8 1.820 Collecting pyyaml (from fuel)
#8 1.829   Downloading pyyaml-6.0.3-cp311-cp311-manylinux2014_x86_64.manylinux_2_17_x86_64.manylinux_2_28_x86_64.whl.metadata (2.4 kB)
#8 1.844 Requirement already satisfied: h5py in /usr/local/lib/python3.11/site-packages (from fuel) (3.15.1)
#8 1.885 Collecting tables (from fuel)
#8 1.894   Downloading tables-3.10.2-cp311-cp311-manylinux_2_17_x86_64.manylinux2014_x86_64.whl.metadata (2.0 kB)
#8 1.943 Collecting progressbar2 (from fuel)
#8 1.955   Downloading progressbar2-4.5.0-py3-none-any.whl.metadata (16 kB)
#8 2.210 Collecting pyzmq (from fuel)
#8 2.226   Downloading pyzmq-27.1.0-cp311-cp311-manylinux_2_26_x86_64.manylinux_2_28_x86_64.whl.metadata (6.0 kB)
#8 2.398 Collecting scipy (from fuel)
#8 2.408   Downloading scipy-1.16.3-cp311-cp311-manylinux2014_x86_64.manylinux_2_17_x86_64.whl.metadata (62 kB)
#8 2.428      ━━━━━━━━━━━━━━━━━━━━━━━━━━━━━━━━━━━━━━━━ 62.0/62.0 kB 2.9 MB/s eta 0:00:00
#8 2.619 Collecting pillow (from fuel)
#8 2.628   Downloading pillow-12.0.0-cp311-cp311-manylinux_2_27_x86_64.manylinux_2_28_x86_64.whl.metadata (8.8 kB)
#8 2.681 Collecting requests (from fuel)
#8 2.689   Downloading requests-2.32.5-py3-none-any.whl.metadata (4.9 kB)
#8 2.759 Collecting python-utils>=3.8.1 (from progressbar2->fuel)
#8 2.770   Downloading python_utils-3.9.1-py2.py3-none-any.whl.metadata (9.8 kB)
#8 2.883 Collecting charset_normalizer<4,>=2 (from requests->fuel)
#8 2.891   Downloading charset_normalizer-3.4.4-cp311-cp311-manylinux2014_x86_64.manylinux_2_17_x86_64.manylinux_2_28_x86_64.whl.metadata (37 kB)
#8 2.938 Collecting idna<4,>=2.5 (from requests->fuel)
#8 2.946   Downloading idna-3.11-py3-none-any.whl.metadata (8.4 kB)
#8 3.038 Collecting urllib3<3,>=1.21.1 (from requests->fuel)
#8 3.049   Downloading urllib3-2.5.0-py3-none-any.whl.metadata (6.5 kB)
#8 3.095 Collecting certifi>=2017.4.17 (from requests->fuel)
#8 3.104   Downloading certifi-2025.10.5-py3-none-any.whl.metadata (2.5 kB)
#8 3.225 Collecting numexpr>=2.6.2 (from tables->fuel)
#8 3.237   Downloading numexpr-2.14.1-cp311-cp311-manylinux_2_27_x86_64.manylinux_2_28_x86_64.whl.metadata (9.0 kB)
#8 3.286 Collecting packaging (from tables->fuel)
#8 3.306   Downloading packaging-25.0-py3-none-any.whl.metadata (3.3 kB)
#8 3.389 Collecting py-cpuinfo (from tables->fuel)
#8 3.405   Downloading py_cpuinfo-9.0.0-py3-none-any.whl.metadata (794 bytes)
#8 3.554 Collecting blosc2>=2.3.0 (from tables->fuel)
#8 3.566   Downloading blosc2-3.11.0-cp311-cp311-manylinux2014_x86_64.manylinux_2_17_x86_64.whl.metadata (7.1 kB)
#8 3.611 Collecting typing-extensions>=4.4.0 (from tables->fuel)
#8 3.655   Downloading typing_extensions-4.15.0-py3-none-any.whl.metadata (3.3 kB)
#8 3.720 Collecting ndindex (from blosc2>=2.3.0->tables->fuel)
#8 3.730   Downloading ndindex-1.10.0-cp311-cp311-manylinux_2_17_x86_64.manylinux2014_x86_64.whl.metadata (3.6 kB)
#8 3.817 Collecting msgpack (from blosc2>=2.3.0->tables->fuel)
#8 3.827   Downloading msgpack-1.1.2-cp311-cp311-manylinux2014_x86_64.manylinux_2_17_x86_64.manylinux_2_28_x86_64.whl.metadata (8.1 kB)
#8 3.873 Collecting platformdirs (from blosc2>=2.3.0->tables->fuel)
#8 3.881   Downloading platformdirs-4.5.0-py3-none-any.whl.metadata (12 kB)
#8 3.998 Downloading pillow-12.0.0-cp311-cp311-manylinux_2_27_x86_64.manylinux_2_28_x86_64.whl (7.0 MB)
#8 4.594    ━━━━━━━━━━━━━━━━━━━━━━━━━━━━━━━━━━━━━━━━ 7.0/7.0 MB 12.1 MB/s eta 0:00:00
#8 4.612 Downloading progressbar2-4.5.0-py3-none-any.whl (57 kB)
#8 4.629    ━━━━━━━━━━━━━━━━━━━━━━━━━━━━━━━━━━━━━━━━ 57.1/57.1 kB 3.2 MB/s eta 0:00:00
#8 4.638 Downloading pyyaml-6.0.3-cp311-cp311-manylinux2014_x86_64.manylinux_2_17_x86_64.manylinux_2_28_x86_64.whl (806 kB)
#8 4.705    ━━━━━━━━━━━━━━━━━━━━━━━━━━━━━━━━━━━━━━━━ 806.6/806.6 kB 12.5 MB/s eta 0:00:00
#8 4.714 Downloading pyzmq-27.1.0-cp311-cp311-manylinux_2_26_x86_64.manylinux_2_28_x86_64.whl (857 kB)
#8 4.786    ━━━━━━━━━━━━━━━━━━━━━━━━━━━━━━━━━━━━━━━━ 857.0/857.0 kB 12.1 MB/s eta 0:00:00
#8 4.799 Downloading requests-2.32.5-py3-none-any.whl (64 kB)
#8 4.813    ━━━━━━━━━━━━━━━━━━━━━━━━━━━━━━━━━━━━━━━━ 64.7/64.7 kB 4.6 MB/s eta 0:00:00
#8 4.823 Downloading scipy-1.16.3-cp311-cp311-manylinux2014_x86_64.manylinux_2_17_x86_64.whl (35.9 MB)
#8 7.691    ━━━━━━━━━━━━━━━━━━━━━━━━━━━━━━━━━━━━━━━━ 35.9/35.9 MB 9.2 MB/s eta 0:00:00
#8 7.703 Downloading six-1.17.0-py2.py3-none-any.whl (11 kB)
#8 7.981 Downloading tables-3.10.2-cp311-cp311-manylinux_2_17_x86_64.manylinux2014_x86_64.whl (7.5 MB)
#8 8.728    ━━━━━━━━━━━━━━━━━━━━━━━━━━━━━━━━━━━━━━━━ 7.5/7.5 MB 10.1 MB/s eta 0:00:00
#8 8.741 Downloading blosc2-3.11.0-cp311-cp311-manylinux2014_x86_64.manylinux_2_17_x86_64.whl (4.5 MB)
#8 9.039    ━━━━━━━━━━━━━━━━━━━━━━━━━━━━━━━━━━━━━━━━ 4.5/4.5 MB 15.2 MB/s eta 0:00:00
#8 9.048 Downloading certifi-2025.10.5-py3-none-any.whl (163 kB)
#8 9.071    ━━━━━━━━━━━━━━━━━━━━━━━━━━━━━━━━━━━━━━━━ 163.3/163.3 kB 7.3 MB/s eta 0:00:00
#8 9.081 Downloading charset_normalizer-3.4.4-cp311-cp311-manylinux2014_x86_64.manylinux_2_17_x86_64.manylinux_2_28_x86_64.whl (151 kB)
#8 9.100    ━━━━━━━━━━━━━━━━━━━━━━━━━━━━━━━━━━━━━━━━ 151.6/151.6 kB 8.2 MB/s eta 0:00:00
#8 9.114 Downloading idna-3.11-py3-none-any.whl (71 kB)
#8 9.127    ━━━━━━━━━━━━━━━━━━━━━━━━━━━━━━━━━━━━━━━━ 71.0/71.0 kB 5.0 MB/s eta 0:00:00
#8 9.137 Downloading numexpr-2.14.1-cp311-cp311-manylinux_2_27_x86_64.manylinux_2_28_x86_64.whl (442 kB)
#8 9.177    ━━━━━━━━━━━━━━━━━━━━━━━━━━━━━━━━━━━━━━━━ 442.0/442.0 kB 11.2 MB/s eta 0:00:00
#8 9.188 Downloading python_utils-3.9.1-py2.py3-none-any.whl (32 kB)
#8 9.206 Downloading typing_extensions-4.15.0-py3-none-any.whl (44 kB)
#8 9.218    ━━━━━━━━━━━━━━━━━━━━━━━━━━━━━━━━━━━━━━━━ 44.6/44.6 kB 3.3 MB/s eta 0:00:00
#8 9.228 Downloading urllib3-2.5.0-py3-none-any.whl (129 kB)
#8 9.244    ━━━━━━━━━━━━━━━━━━━━━━━━━━━━━━━━━━━━━━━━ 129.8/129.8 kB 8.2 MB/s eta 0:00:00
#8 9.255 Downloading packaging-25.0-py3-none-any.whl (66 kB)
#8 9.268    ━━━━━━━━━━━━━━━━━━━━━━━━━━━━━━━━━━━━━━━━ 66.5/66.5 kB 4.8 MB/s eta 0:00:00
#8 9.283 Downloading py_cpuinfo-9.0.0-py3-none-any.whl (22 kB)
#8 9.303 Downloading msgpack-1.1.2-cp311-cp311-manylinux2014_x86_64.manylinux_2_17_x86_64.manylinux_2_28_x86_64.whl (426 kB)
#8 9.335    ━━━━━━━━━━━━━━━━━━━━━━━━━━━━━━━━━━━━━━━━ 426.2/426.2 kB 13.5 MB/s eta 0:00:00
#8 9.345 Downloading ndindex-1.10.0-cp311-cp311-manylinux_2_17_x86_64.manylinux2014_x86_64.whl (528 kB)
#8 9.385    ━━━━━━━━━━━━━━━━━━━━━━━━━━━━━━━━━━━━━━━━ 528.2/528.2 kB 13.8 MB/s eta 0:00:00
#8 9.394 Downloading platformdirs-4.5.0-py3-none-any.whl (18 kB)
#8 9.533 Building wheels for collected packages: fuel, picklable_itertools
#8 9.534   Building wheel for fuel (setup.py): started
#8 10.09   Building wheel for fuel (setup.py): finished with status 'error'
#8 10.11   error: subprocess-exited-with-error
#8 10.11   
#8 10.11   × python setup.py bdist_wheel did not run successfully.
#8 10.11   │ exit code: 1
#8 10.11   ╰─> [337 lines of output]
#8 10.11       /usr/local/lib/python3.11/site-packages/setuptools/dist.py:599: SetuptoolsDeprecationWarning: Invalid dash-separated key 'description-file' in 'metadata' (setup.cfg), please use the underscore name 'description_file' instead.
#8 10.11       !!
#8 10.11       
#8 10.11               ********************************************************************************
#8 10.11               Usage of dash-separated 'description-file' will not be supported in future
#8 10.11               versions. Please use the underscore name 'description_file' instead.
#8 10.11       
#8 10.11               By 2026-Mar-03, you need to update your project and remove deprecated calls
#8 10.11               or your builds will no longer be supported.
#8 10.11       
#8 10.11               See https://setuptools.pypa.io/en/latest/userguide/declarative_config.html for details.
#8 10.11               ********************************************************************************
#8 10.11       
#8 10.11       !!
#8 10.11         opt = self._enforce_underscore(opt, section)
#8 10.11       /usr/local/lib/python3.11/site-packages/setuptools/dist.py:599: SetuptoolsDeprecationWarning: Invalid dash-separated key 'description-file' in 'metadata' (setup.cfg), please use the underscore name 'description_file' instead.
#8 10.11       !!
#8 10.11       
#8 10.11               ********************************************************************************
#8 10.11               Usage of dash-separated 'description-file' will not be supported in future
#8 10.11               versions. Please use the underscore name 'description_file' instead.
#8 10.11               (Affected: fuel).
#8 10.11       
#8 10.11               By 2026-Mar-03, you need to update your project and remove deprecated calls
#8 10.11               or your builds will no longer be supported.
#8 10.11       
#8 10.11               See https://setuptools.pypa.io/en/latest/userguide/declarative_config.html for details.
#8 10.11               ********************************************************************************
#8 10.11       
#8 10.11       !!
#8 10.11         opt = self._enforce_underscore(opt, section)
#8 10.11       /usr/local/lib/python3.11/site-packages/setuptools/dist.py:759: SetuptoolsDeprecationWarning: License classifiers are deprecated.
#8 10.11       !!
#8 10.11       
#8 10.11               ********************************************************************************
#8 10.11               Please consider removing the following classifiers in favor of a SPDX license expression:
#8 10.11       
#8 10.11               License :: OSI Approved :: MIT License
#8 10.11       
#8 10.11               See https://packaging.python.org/en/latest/guides/writing-pyproject-toml/#license for details.
#8 10.11               ********************************************************************************
#8 10.11       
#8 10.11       !!
#8 10.11         self._finalize_license_expression()
#8 10.11       running bdist_wheel
#8 10.11       running build
#8 10.11       running build_py
#8 10.11       creating build/lib.linux-x86_64-cpython-311/doctests
#8 10.11       copying doctests/__init__.py -> build/lib.linux-x86_64-cpython-311/doctests
#8 10.11       creating build/lib.linux-x86_64-cpython-311/fuel
#8 10.11       copying fuel/iterator.py -> build/lib.linux-x86_64-cpython-311/fuel
#8 10.11       copying fuel/config_parser.py -> build/lib.linux-x86_64-cpython-311/fuel
#8 10.11       copying fuel/__init__.py -> build/lib.linux-x86_64-cpython-311/fuel
#8 10.11       copying fuel/schemes.py -> build/lib.linux-x86_64-cpython-311/fuel
#8 10.11       copying fuel/server.py -> build/lib.linux-x86_64-cpython-311/fuel
#8 10.11       copying fuel/version.py -> build/lib.linux-x86_64-cpython-311/fuel
#8 10.11       copying fuel/exceptions.py -> build/lib.linux-x86_64-cpython-311/fuel
#8 10.11       copying fuel/streams.py -> build/lib.linux-x86_64-cpython-311/fuel
#8 10.11       creating build/lib.linux-x86_64-cpython-311/fuel/datasets
#8 10.11       copying fuel/datasets/base.py -> build/lib.linux-x86_64-cpython-311/fuel/datasets
#8 10.11       copying fuel/datasets/dogs_vs_cats.py -> build/lib.linux-x86_64-cpython-311/fuel/datasets
#8 10.11       copying fuel/datasets/binarized_mnist.py -> build/lib.linux-x86_64-cpython-311/fuel/datasets
#8 10.11       copying fuel/datasets/billion.py -> build/lib.linux-x86_64-cpython-311/fuel/datasets
#8 10.11       copying fuel/datasets/cifar10.py -> build/lib.linux-x86_64-cpython-311/fuel/datasets
#8 10.11       copying fuel/datasets/celeba.py -> build/lib.linux-x86_64-cpython-311/fuel/datasets
#8 10.11       copying fuel/datasets/adult.py -> build/lib.linux-x86_64-cpython-311/fuel/datasets
#8 10.11       copying fuel/datasets/svhn.py -> build/lib.linux-x86_64-cpython-311/fuel/datasets
#8 10.11       copying fuel/datasets/youtube_audio.py -> build/lib.linux-x86_64-cpython-311/fuel/datasets
#8 10.11       copying fuel/datasets/caltech101_silhouettes.py -> build/lib.linux-x86_64-cpython-311/fuel/datasets
#8 10.11       copying fuel/datasets/__init__.py -> build/lib.linux-x86_64-cpython-311/fuel/datasets
#8 10.11       copying fuel/datasets/iris.py -> build/lib.linux-x86_64-cpython-311/fuel/datasets
#8 10.11       copying fuel/datasets/text.py -> build/lib.linux-x86_64-cpython-311/fuel/datasets
#8 10.11       copying fuel/datasets/hdf5.py -> build/lib.linux-x86_64-cpython-311/fuel/datasets
#8 10.11       copying fuel/datasets/imagenet.py -> build/lib.linux-x86_64-cpython-311/fuel/datasets
#8 10.11       copying fuel/datasets/toy.py -> build/lib.linux-x86_64-cpython-311/fuel/datasets
#8 10.11       copying fuel/datasets/mnist.py -> build/lib.linux-x86_64-cpython-311/fuel/datasets
#8 10.11       copying fuel/datasets/cifar100.py -> build/lib.linux-x86_64-cpython-311/fuel/datasets
#8 10.11       creating build/lib.linux-x86_64-cpython-311/fuel/converters
#8 10.11       copying fuel/converters/base.py -> build/lib.linux-x86_64-cpython-311/fuel/converters
#8 10.11       copying fuel/converters/dogs_vs_cats.py -> build/lib.linux-x86_64-cpython-311/fuel/converters
#8 10.11       copying fuel/converters/binarized_mnist.py -> build/lib.linux-x86_64-cpython-311/fuel/converters
#8 10.11       copying fuel/converters/cifar10.py -> build/lib.linux-x86_64-cpython-311/fuel/converters
#8 10.11       copying fuel/converters/celeba.py -> build/lib.linux-x86_64-cpython-311/fuel/converters
#8 10.11       copying fuel/converters/adult.py -> build/lib.linux-x86_64-cpython-311/fuel/converters
#8 10.11       copying fuel/converters/ilsvrc2010.py -> build/lib.linux-x86_64-cpython-311/fuel/converters
#8 10.11       copying fuel/converters/svhn.py -> build/lib.linux-x86_64-cpython-311/fuel/converters
#8 10.11       copying fuel/converters/youtube_audio.py -> build/lib.linux-x86_64-cpython-311/fuel/converters
#8 10.11       copying fuel/converters/caltech101_silhouettes.py -> build/lib.linux-x86_64-cpython-311/fuel/converters
#8 10.11       copying fuel/converters/__init__.py -> build/lib.linux-x86_64-cpython-311/fuel/converters
#8 10.11       copying fuel/converters/iris.py -> build/lib.linux-x86_64-cpython-311/fuel/converters
#8 10.11       copying fuel/converters/mnist.py -> build/lib.linux-x86_64-cpython-311/fuel/converters
#8 10.11       copying fuel/converters/cifar100.py -> build/lib.linux-x86_64-cpython-311/fuel/converters
#8 10.11       creating build/lib.linux-x86_64-cpython-311/fuel/transformers
#8 10.11       copying fuel/transformers/defaults.py -> build/lib.linux-x86_64-cpython-311/fuel/transformers
#8 10.11       copying fuel/transformers/image.py -> build/lib.linux-x86_64-cpython-311/fuel/transformers
#8 10.11       copying fuel/transformers/__init__.py -> build/lib.linux-x86_64-cpython-311/fuel/transformers
#8 10.11       copying fuel/transformers/text.py -> build/lib.linux-x86_64-cpython-311/fuel/transformers
#8 10.11       creating build/lib.linux-x86_64-cpython-311/fuel/utils
#8 10.11       copying fuel/utils/parallel.py -> build/lib.linux-x86_64-cpython-311/fuel/utils
#8 10.11       copying fuel/utils/__init__.py -> build/lib.linux-x86_64-cpython-311/fuel/utils
#8 10.11       copying fuel/utils/formats.py -> build/lib.linux-x86_64-cpython-311/fuel/utils
#8 10.11       creating build/lib.linux-x86_64-cpython-311/fuel/downloaders
#8 10.11       copying fuel/downloaders/base.py -> build/lib.linux-x86_64-cpython-311/fuel/downloaders
#8 10.11       copying fuel/downloaders/dogs_vs_cats.py -> build/lib.linux-x86_64-cpython-311/fuel/downloaders
#8 10.11       copying fuel/downloaders/binarized_mnist.py -> build/lib.linux-x86_64-cpython-311/fuel/downloaders
#8 10.11       copying fuel/downloaders/cifar10.py -> build/lib.linux-x86_64-cpython-311/fuel/downloaders
#8 10.11       copying fuel/downloaders/celeba.py -> build/lib.linux-x86_64-cpython-311/fuel/downloaders
#8 10.11       copying fuel/downloaders/adult.py -> build/lib.linux-x86_64-cpython-311/fuel/downloaders
#8 10.11       copying fuel/downloaders/ilsvrc2010.py -> build/lib.linux-x86_64-cpython-311/fuel/downloaders
#8 10.11       copying fuel/downloaders/svhn.py -> build/lib.linux-x86_64-cpython-311/fuel/downloaders
#8 10.11       copying fuel/downloaders/youtube_audio.py -> build/lib.linux-x86_64-cpython-311/fuel/downloaders
#8 10.11       copying fuel/downloaders/caltech101_silhouettes.py -> build/lib.linux-x86_64-cpython-311/fuel/downloaders
#8 10.11       copying fuel/downloaders/__init__.py -> build/lib.linux-x86_64-cpython-311/fuel/downloaders
#8 10.11       copying fuel/downloaders/iris.py -> build/lib.linux-x86_64-cpython-311/fuel/downloaders
#8 10.11       copying fuel/downloaders/mnist.py -> build/lib.linux-x86_64-cpython-311/fuel/downloaders
#8 10.11       copying fuel/downloaders/cifar100.py -> build/lib.linux-x86_64-cpython-311/fuel/downloaders
#8 10.11       creating build/lib.linux-x86_64-cpython-311/fuel/bin
#8 10.11       copying fuel/bin/fuel_info.py -> build/lib.linux-x86_64-cpython-311/fuel/bin
#8 10.11       copying fuel/bin/__init__.py -> build/lib.linux-x86_64-cpython-311/fuel/bin
#8 10.11       copying fuel/bin/fuel_convert.py -> build/lib.linux-x86_64-cpython-311/fuel/bin
#8 10.11       copying fuel/bin/fuel_download.py -> build/lib.linux-x86_64-cpython-311/fuel/bin
#8 10.11       running build_ext
#8 10.11       building 'fuel.transformers._image' extension
#8 10.11       creating build/temp.linux-x86_64-cpython-311/fuel/transformers
#8 10.11       gcc -Wsign-compare -DNDEBUG -g -fwrapv -O3 -Wall -fPIC -I/usr/local/include/python3.11 -c fuel/transformers/_image.c -o build/temp.linux-x86_64-cpython-311/fuel/transformers/_image.o -Wno-unused-function
#8 10.11       fuel/transformers/_image.c: In function ‘__Pyx_PyList_Append’:
#8 10.11       fuel/transformers/_image.c:871:23: error: lvalue required as left operand of assignment
#8 10.11         871 |         Py_SIZE(list) = len+1;
#8 10.11             |                       ^
#8 10.11       fuel/transformers/_image.c: In function ‘__Pyx_ListComp_Append’:
#8 10.11       fuel/transformers/_image.c:982:23: error: lvalue required as left operand of assignment
#8 10.11         982 |         Py_SIZE(list) = len+1;
#8 10.11             |                       ^
#8 10.11       fuel/transformers/_image.c: In function ‘__pyx_tp_dealloc_array’:
#8 10.11       fuel/transformers/_image.c:15269:5: error: lvalue required as increment operand
#8 10.11       15269 |     ++Py_REFCNT(o);
#8 10.11             |     ^~
#8 10.11       fuel/transformers/_image.c:15271:5: error: lvalue required as decrement operand
#8 10.11       15271 |     --Py_REFCNT(o);
#8 10.11             |     ^~
#8 10.11       fuel/transformers/_image.c: In function ‘__pyx_tp_dealloc_memoryview’:
#8 10.11       fuel/transformers/_image.c:15553:5: error: lvalue required as increment operand
#8 10.11       15553 |     ++Py_REFCNT(o);
#8 10.11             |     ^~
#8 10.11       fuel/transformers/_image.c:15555:5: error: lvalue required as decrement operand
#8 10.11       15555 |     --Py_REFCNT(o);
#8 10.11             |     ^~
#8 10.11       fuel/transformers/_image.c: In function ‘__pyx_tp_dealloc__memoryviewslice’:
#8 10.11       fuel/transformers/_image.c:15790:5: error: lvalue required as increment operand
#8 10.11       15790 |     ++Py_REFCNT(o);
#8 10.11             |     ^~
#8 10.11       fuel/transformers/_image.c:15792:5: error: lvalue required as decrement operand
#8 10.11       15792 |     --Py_REFCNT(o);
#8 10.11             |     ^~
#8 10.11       fuel/transformers/_image.c: In function ‘__Pyx_InitCachedConstants’:
#8 10.11       fuel/transformers/_image.c:16215:261: error: passing argument 14 of ‘PyCode_New’ makes pointer from integer without a cast [-Wint-conversion]
#8 10.11       16215 |   __pyx_codeobj__21 = (PyObject*)__Pyx_PyCode_New(4, 0, 4, 0, 0, __pyx_empty_bytes, __pyx_empty_tuple, __pyx_empty_tuple, __pyx_tuple__20, __pyx_empty_tuple, __pyx_empty_tuple, __pyx_kp_s_Users_bartvm_fuel_fuel_transfor, __pyx_n_s_pyx_fuse_0window_batch_bchw, 15, __pyx_empty_bytes); if (unlikely(!__pyx_codeobj__21)) {__pyx_filename = __pyx_f[0]; __pyx_lineno = 15; __pyx_clineno = __LINE__; goto __pyx_L1_error;}
#8 10.11             |                                                                                                                                                                                                                                                                     ^~
#8 10.11             |                                                                                                                                                                                                                                                                     |
#8 10.11             |                                                                                                                                                                                                                                                                     int
#8 10.11       fuel/transformers/_image.c:67:72: note: in definition of macro ‘__Pyx_PyCode_New’
#8 10.11          67 |           PyCode_New(a, k, l, s, f, code, c, n, v, fv, cell, fn, name, fline, lnos)
#8 10.11             |                                                                        ^~~~~
#8 10.11       In file included from /usr/local/include/python3.11/Python.h:52,
#8 10.11                        from fuel/transformers/_image.c:10:
#8 10.11       /usr/local/include/python3.11/cpython/code.h:151:33: note: expected ‘PyObject *’ {aka ‘struct _object *’} but argument is of type ‘int’
#8 10.11         151 |         PyObject *, PyObject *, PyObject *, int, PyObject *,
#8 10.11             |                                 ^~~~~~~~~~
#8 10.11       fuel/transformers/_image.c:16215:265: error: passing argument 15 of ‘PyCode_New’ makes integer from pointer without a cast [-Wint-conversion]
#8 10.11       16215 |   __pyx_codeobj__21 = (PyObject*)__Pyx_PyCode_New(4, 0, 4, 0, 0, __pyx_empty_bytes, __pyx_empty_tuple, __pyx_empty_tuple, __pyx_tuple__20, __pyx_empty_tuple, __pyx_empty_tuple, __pyx_kp_s_Users_bartvm_fuel_fuel_transfor, __pyx_n_s_pyx_fuse_0window_batch_bchw, 15, __pyx_empty_bytes); if (unlikely(!__pyx_codeobj__21)) {__pyx_filename = __pyx_f[0]; __pyx_lineno = 15; __pyx_clineno = __LINE__; goto __pyx_L1_error;}
#8 10.11             |                                                                                                                                                                                                                                                                         ^~~~~~~~~~~~~~~~~
#8 10.11             |                                                                                                                                                                                                                                                                         |
#8 10.11             |                                                                                                                                                                                                                                                                         PyObject * {aka struct _object *}
#8 10.11       fuel/transformers/_image.c:67:79: note: in definition of macro ‘__Pyx_PyCode_New’
#8 10.11          67 |           PyCode_New(a, k, l, s, f, code, c, n, v, fv, cell, fn, name, fline, lnos)
#8 10.11             |                                                                               ^~~~
#8 10.11       /usr/local/include/python3.11/cpython/code.h:151:45: note: expected ‘int’ but argument is of type ‘PyObject *’ {aka ‘struct _object *’}
#8 10.11         151 |         PyObject *, PyObject *, PyObject *, int, PyObject *,
#8 10.11             |                                             ^~~
#8 10.11       fuel/transformers/_image.c:67:11: error: too few arguments to function ‘PyCode_New’
#8 10.11          67 |           PyCode_New(a, k, l, s, f, code, c, n, v, fv, cell, fn, name, fline, lnos)
#8 10.11             |           ^~~~~~~~~~
#8 10.11       fuel/transformers/_image.c:16215:34: note: in expansion of macro ‘__Pyx_PyCode_New’
#8 10.11       16215 |   __pyx_codeobj__21 = (PyObject*)__Pyx_PyCode_New(4, 0, 4, 0, 0, __pyx_empty_bytes, __pyx_empty_tuple, __pyx_empty_tuple, __pyx_tuple__20, __pyx_empty_tuple, __pyx_empty_tuple, __pyx_kp_s_Users_bartvm_fuel_fuel_transfor, __pyx_n_s_pyx_fuse_0window_batch_bchw, 15, __pyx_empty_bytes); if (unlikely(!__pyx_codeobj__21)) {__pyx_filename = __pyx_f[0]; __pyx_lineno = 15; __pyx_clineno = __LINE__; goto __pyx_L1_error;}
#8 10.11             |                                  ^~~~~~~~~~~~~~~~
#8 10.11       /usr/local/include/python3.11/cpython/code.h:148:28: note: declared here
#8 10.11         148 | PyAPI_FUNC(PyCodeObject *) PyCode_New(
#8 10.11             |                            ^~~~~~~~~~
#8 10.11       fuel/transformers/_image.c: In function ‘__Pyx_InitGlobals’:
#8 10.11       fuel/transformers/_image.c:16281:1: warning: ‘PyEval_InitThreads’ is deprecated [-Wdeprecated-declarations]
#8 10.11       16281 | PyEval_InitThreads();
#8 10.11             | ^~~~~~~~~~~~~~~~~~
#8 10.11       In file included from /usr/local/include/python3.11/Python.h:95:
#8 10.11       /usr/local/include/python3.11/ceval.h:132:37: note: declared here
#8 10.11         132 | Py_DEPRECATED(3.9) PyAPI_FUNC(void) PyEval_InitThreads(void);
#8 10.11             |                                     ^~~~~~~~~~~~~~~~~~
#8 10.11       fuel/transformers/_image.c: In function ‘PyInit__image’:
#8 10.11       fuel/transformers/_image.c:16389:25: error: ‘PyTypeObject’ {aka ‘struct _typeobject’} has no member named ‘tp_print’
#8 10.11       16389 |   __pyx_type___pyx_array.tp_print = 0;
#8 10.11             |                         ^
#8 10.11       fuel/transformers/_image.c:16392:31: error: ‘PyTypeObject’ {aka ‘struct _typeobject’} has no member named ‘tp_print’
#8 10.11       16392 |   __pyx_type___pyx_MemviewEnum.tp_print = 0;
#8 10.11             |                               ^
#8 10.11       fuel/transformers/_image.c:16403:30: error: ‘PyTypeObject’ {aka ‘struct _typeobject’} has no member named ‘tp_print’
#8 10.11       16403 |   __pyx_type___pyx_memoryview.tp_print = 0;
#8 10.11             |                              ^
#8 10.11       fuel/transformers/_image.c:16412:35: error: ‘PyTypeObject’ {aka ‘struct _typeobject’} has no member named ‘tp_print’
#8 10.11       16412 |   __pyx_type___pyx_memoryviewslice.tp_print = 0;
#8 10.11             |                                   ^
#8 10.11       fuel/transformers/_image.c: In function ‘__Pyx_ParseOptionalKeywords’:
#8 10.11       fuel/transformers/_image.c:16721:21: warning: ‘PyUnicode_GET_SIZE’ is deprecated [-Wdeprecated-declarations]
#8 10.11       16721 |                     (PyUnicode_GET_SIZE(**name) != PyUnicode_GET_SIZE(key)) ? 1 :
#8 10.11             |                     ^
#8 10.11       In file included from /usr/local/include/python3.11/unicodeobject.h:1042,
#8 10.11                        from /usr/local/include/python3.11/Python.h:51:
#8 10.11       /usr/local/include/python3.11/cpython/unicodeobject.h:652:26: note: declared here
#8 10.11         652 | static inline Py_ssize_t PyUnicode_GET_SIZE(PyObject *op)
#8 10.11             |                          ^~~~~~~~~~~~~~~~~~
#8 10.11       fuel/transformers/_image.c:16721:21: warning: ‘PyUnicode_GET_SIZE’ is deprecated [-Wdeprecated-declarations]
#8 10.11       16721 |                     (PyUnicode_GET_SIZE(**name) != PyUnicode_GET_SIZE(key)) ? 1 :
#8 10.11             |                     ^
#8 10.11       /usr/local/include/python3.11/cpython/unicodeobject.h:652:26: note: declared here
#8 10.11         652 | static inline Py_ssize_t PyUnicode_GET_SIZE(PyObject *op)
#8 10.11             |                          ^~~~~~~~~~~~~~~~~~
#8 10.11       fuel/transformers/_image.c:16737:25: warning: ‘PyUnicode_GET_SIZE’ is deprecated [-Wdeprecated-declarations]
#8 10.11       16737 |                         (PyUnicode_GET_SIZE(**argname) != PyUnicode_GET_SIZE(key)) ? 1 :
#8 10.11             |                         ^
#8 10.11       /usr/local/include/python3.11/cpython/unicodeobject.h:652:26: note: declared here
#8 10.11         652 | static inline Py_ssize_t PyUnicode_GET_SIZE(PyObject *op)
#8 10.11             |                          ^~~~~~~~~~~~~~~~~~
#8 10.11       fuel/transformers/_image.c:16737:25: warning: ‘PyUnicode_GET_SIZE’ is deprecated [-Wdeprecated-declarations]
#8 10.11       16737 |                         (PyUnicode_GET_SIZE(**argname) != PyUnicode_GET_SIZE(key)) ? 1 :
#8 10.11             |                         ^
#8 10.11       /usr/local/include/python3.11/cpython/unicodeobject.h:652:26: note: declared here
#8 10.11         652 | static inline Py_ssize_t PyUnicode_GET_SIZE(PyObject *op)
#8 10.11             |                          ^~~~~~~~~~~~~~~~~~
#8 10.11       fuel/transformers/_image.c: In function ‘__Pyx_ExceptionSave’:
#8 10.11       fuel/transformers/_image.c:16850:21: error: ‘PyThreadState’ {aka ‘struct _ts’} has no member named ‘exc_type’; did you mean ‘curexc_type’?
#8 10.11       16850 |     *type = tstate->exc_type;
#8 10.11             |                     ^~~~~~~~
#8 10.11             |                     curexc_type
#8 10.11       fuel/transformers/_image.c:16851:22: error: ‘PyThreadState’ {aka ‘struct _ts’} has no member named ‘exc_value’; did you mean ‘curexc_value’?
#8 10.11       16851 |     *value = tstate->exc_value;
#8 10.11             |                      ^~~~~~~~~
#8 10.11             |                      curexc_value
#8 10.11       fuel/transformers/_image.c:16852:19: error: ‘PyThreadState’ {aka ‘struct _ts’} has no member named ‘exc_traceback’; did you mean ‘curexc_traceback’?
#8 10.11       16852 |     *tb = tstate->exc_traceback;
#8 10.11             |                   ^~~~~~~~~~~~~
#8 10.11             |                   curexc_traceback
#8 10.11       fuel/transformers/_image.c: In function ‘__Pyx_ExceptionReset’:
#8 10.11       fuel/transformers/_image.c:16864:24: error: ‘PyThreadState’ {aka ‘struct _ts’} has no member named ‘exc_type’; did you mean ‘curexc_type’?
#8 10.11       16864 |     tmp_type = tstate->exc_type;
#8 10.11             |                        ^~~~~~~~
#8 10.11             |                        curexc_type
#8 10.11       fuel/transformers/_image.c:16865:25: error: ‘PyThreadState’ {aka ‘struct _ts’} has no member named ‘exc_value’; did you mean ‘curexc_value’?
#8 10.11       16865 |     tmp_value = tstate->exc_value;
#8 10.11             |                         ^~~~~~~~~
#8 10.11             |                         curexc_value
#8 10.11       fuel/transformers/_image.c:16866:22: error: ‘PyThreadState’ {aka ‘struct _ts’} has no member named ‘exc_traceback’; did you mean ‘curexc_traceback’?
#8 10.11       16866 |     tmp_tb = tstate->exc_traceback;
#8 10.11             |                      ^~~~~~~~~~~~~
#8 10.11             |                      curexc_traceback
#8 10.11       fuel/transformers/_image.c:16867:13: error: ‘PyThreadState’ {aka ‘struct _ts’} has no member named ‘exc_type’; did you mean ‘curexc_type’?
#8 10.11       16867 |     tstate->exc_type = type;
#8 10.11             |             ^~~~~~~~
#8 10.11             |             curexc_type
#8 10.11       fuel/transformers/_image.c:16868:13: error: ‘PyThreadState’ {aka ‘struct _ts’} has no member named ‘exc_value’; did you mean ‘curexc_value’?
#8 10.11       16868 |     tstate->exc_value = value;
#8 10.11             |             ^~~~~~~~~
#8 10.11             |             curexc_value
#8 10.11       fuel/transformers/_image.c:16869:13: error: ‘PyThreadState’ {aka ‘struct _ts’} has no member named ‘exc_traceback’; did you mean ‘curexc_traceback’?
#8 10.11       16869 |     tstate->exc_traceback = tb;
#8 10.11             |             ^~~~~~~~~~~~~
#8 10.11             |             curexc_traceback
#8 10.11       fuel/transformers/_image.c: In function ‘__Pyx_GetException’:
#8 10.11       fuel/transformers/_image.c:16912:24: error: ‘PyThreadState’ {aka ‘struct _ts’} has no member named ‘exc_type’; did you mean ‘curexc_type’?
#8 10.11       16912 |     tmp_type = tstate->exc_type;
#8 10.11             |                        ^~~~~~~~
#8 10.11             |                        curexc_type
#8 10.11       fuel/transformers/_image.c:16913:25: error: ‘PyThreadState’ {aka ‘struct _ts’} has no member named ‘exc_value’; did you mean ‘curexc_value’?
#8 10.11       16913 |     tmp_value = tstate->exc_value;
#8 10.11             |                         ^~~~~~~~~
#8 10.11             |                         curexc_value
#8 10.11       fuel/transformers/_image.c:16914:22: error: ‘PyThreadState’ {aka ‘struct _ts’} has no member named ‘exc_traceback’; did you mean ‘curexc_traceback’?
#8 10.11       16914 |     tmp_tb = tstate->exc_traceback;
#8 10.11             |                      ^~~~~~~~~~~~~
#8 10.11             |                      curexc_traceback
#8 10.11       fuel/transformers/_image.c:16915:13: error: ‘PyThreadState’ {aka ‘struct _ts’} has no member named ‘exc_type’; did you mean ‘curexc_type’?
#8 10.11       16915 |     tstate->exc_type = local_type;
#8 10.11             |             ^~~~~~~~
#8 10.11             |             curexc_type
#8 10.11       fuel/transformers/_image.c:16916:13: error: ‘PyThreadState’ {aka ‘struct _ts’} has no member named ‘exc_value’; did you mean ‘curexc_value’?
#8 10.11       16916 |     tstate->exc_value = local_value;
#8 10.11             |             ^~~~~~~~~
#8 10.11             |             curexc_value
#8 10.11       fuel/transformers/_image.c:16917:13: error: ‘PyThreadState’ {aka ‘struct _ts’} has no member named ‘exc_traceback’; did you mean ‘curexc_traceback’?
#8 10.11       16917 |     tstate->exc_traceback = local_tb;
#8 10.11             |             ^~~~~~~~~~~~~
#8 10.11             |             curexc_traceback
#8 10.11       fuel/transformers/_image.c: In function ‘__Pyx_decode_c_string’:
#8 10.11       fuel/transformers/_image.c:18432:9: warning: ‘PyUnicode_FromUnicode’ is deprecated [-Wdeprecated-declarations]
#8 10.11       18432 |         return PyUnicode_FromUnicode(NULL, 0);
#8 10.11             |         ^~~~~~
#8 10.11       /usr/local/include/python3.11/cpython/unicodeobject.h:600:42: note: declared here
#8 10.11         600 | Py_DEPRECATED(3.3) PyAPI_FUNC(PyObject*) PyUnicode_FromUnicode(
#8 10.11             |                                          ^~~~~~~~~~~~~~~~~~~~~
#8 10.11       fuel/transformers/_image.c: In function ‘__Pyx_ExceptionSwap’:
#8 10.11       fuel/transformers/_image.c:18457:24: error: ‘PyThreadState’ {aka ‘struct _ts’} has no member named ‘exc_type’; did you mean ‘curexc_type’?
#8 10.11       18457 |     tmp_type = tstate->exc_type;
#8 10.11             |                        ^~~~~~~~
#8 10.11             |                        curexc_type
#8 10.11       fuel/transformers/_image.c:18458:25: error: ‘PyThreadState’ {aka ‘struct _ts’} has no member named ‘exc_value’; did you mean ‘curexc_value’?
#8 10.11       18458 |     tmp_value = tstate->exc_value;
#8 10.11             |                         ^~~~~~~~~
#8 10.11             |                         curexc_value
#8 10.11       fuel/transformers/_image.c:18459:22: error: ‘PyThreadState’ {aka ‘struct _ts’} has no member named ‘exc_traceback’; did you mean ‘curexc_traceback’?
#8 10.11       18459 |     tmp_tb = tstate->exc_traceback;
#8 10.11             |                      ^~~~~~~~~~~~~
#8 10.11             |                      curexc_traceback
#8 10.11       fuel/transformers/_image.c:18460:13: error: ‘PyThreadState’ {aka ‘struct _ts’} has no member named ‘exc_type’; did you mean ‘curexc_type’?
#8 10.11       18460 |     tstate->exc_type = *type;
#8 10.11             |             ^~~~~~~~
#8 10.11             |             curexc_type
#8 10.11       fuel/transformers/_image.c:18461:13: error: ‘PyThreadState’ {aka ‘struct _ts’} has no member named ‘exc_value’; did you mean ‘curexc_value’?
#8 10.11       18461 |     tstate->exc_value = *value;
#8 10.11             |             ^~~~~~~~~
#8 10.11             |             curexc_value
#8 10.11       fuel/transformers/_image.c:18462:13: error: ‘PyThreadState’ {aka ‘struct _ts’} has no member named ‘exc_traceback’; did you mean ‘curexc_traceback’?
#8 10.11       18462 |     tstate->exc_traceback = *tb;
#8 10.11             |             ^~~~~~~~~~~~~
#8 10.11             |             curexc_traceback
#8 10.11       fuel/transformers/_image.c: At top level:
#8 10.11       fuel/transformers/_image.c:18554:12: fatal error: longintrepr.h: No such file or directory
#8 10.11       18554 |   #include "longintrepr.h"
#8 10.11             |            ^~~~~~~~~~~~~~~
#8 10.11       compilation terminated.
#8 10.11       error: command '/usr/bin/gcc' failed with exit code 1
#8 10.11       [end of output]
#8 10.11   
#8 10.11   note: This error originates from a subprocess, and is likely not a problem with pip.
#8 10.11   ERROR: Failed building wheel for fuel
#8 10.11   Running setup.py clean for fuel
#8 10.22   Building wheel for picklable_itertools (setup.py): started
#8 10.37   Building wheel for picklable_itertools (setup.py): finished with status 'done'
#8 10.37   Created wheel for picklable_itertools: filename=picklable_itertools-0.1.1-py3-none-any.whl size=15622 sha256=4ae2f62d9517995f26db9556801c1908e1fe327c32d26d2081cead2cc3fd4b6a
#8 10.37   Stored in directory: /root/.cache/pip/wheels/31/3a/d5/116e9efcfcd2d4cc561f5a3a0869b6c28ade13c845fb6e69cb
#8 10.37 Successfully built picklable_itertools
#8 10.37 Failed to build fuel
#8 10.37 ERROR: Could not build wheels for fuel, which is required to install pyproject.toml-based projects
#8 10.38 
#8 10.38 [notice] A new release of pip is available: 24.0 -> 25.3
#8 10.38 [notice] To update, run: pip install --upgrade pip
#8 ERROR: process "pip install fuel" did not complete successfully: exit code: 1
------
 > [4/6] RUN ["pip","install","fuel"]:
10.22   Building wheel for picklable_itertools (setup.py): started
10.37   Building wheel for picklable_itertools (setup.py): finished with status 'done'
10.37   Created wheel for picklable_itertools: filename=picklable_itertools-0.1.1-py3-none-any.whl size=15622 sha256=4ae2f62d9517995f26db9556801c1908e1fe327c32d26d2081cead2cc3fd4b6a
10.37   Stored in directory: /root/.cache/pip/wheels/31/3a/d5/116e9efcfcd2d4cc561f5a3a0869b6c28ade13c845fb6e69cb
10.37 Successfully built picklable_itertools
10.37 Failed to build fuel
10.37 ERROR: Could not build wheels for fuel, which is required to install pyproject.toml-based projects
10.38 
10.38 [notice] A new release of pip is available: 24.0 -> 25.3
10.38 [notice] To update, run: pip install --upgrade pip
------
Dockerfile:4
--------------------
   2 |     COPY hard-gists/afb129122a64bde3bd0c/snippet.py /snippet.py
   3 |     RUN ["pip","install","h5py"]
   4 | >>> RUN ["pip","install","fuel"]
   5 |     RUN ["pip","install","numpy"]
   6 |     RUN ["pip","install","pillow"]
--------------------
ERROR: failed to build: failed to solve: process "pip install fuel" did not complete successfully: exit code: 1

View build details: docker-desktop://dashboard/build/default/default/nih26bnp78as554tt1zy95ijk
[2025-10-29 19:23:16] ERROR: Build failed for afb129122a64bde3bd0c
