=== Docker Build Log for b493a228c4081ff0260b ===
Started at: Mi 29. Okt 19:30:27 CET 2025

[2025-10-29 19:30:27] START: Building image for b493a228c4081ff0260b
#0 building with "default" instance using docker driver

#1 [internal] load build definition from Dockerfile
#1 transferring dockerfile: 274B done
#1 DONE 0.0s

#2 [internal] load metadata for docker.io/library/python:3.11
#2 DONE 0.0s

#3 [internal] load .dockerignore
#3 transferring context: 2B done
#3 DONE 0.0s

#4 [1/6] FROM docker.io/library/python:3.11
#4 DONE 0.0s

#5 [internal] load build context
#5 transferring context: 685B 0.0s done
#5 DONE 0.0s

#4 [1/6] FROM docker.io/library/python:3.11
#4 CACHED

#6 [2/6] COPY hard-gists/b493a228c4081ff0260b/snippet.py /snippet.py
#6 DONE 0.1s

#7 [3/6] RUN ["pip","install","dj.choices"]
#7 2.022 Collecting dj.choices
#7 2.058   Downloading dj.choices-0.11.0.tar.gz (28 kB)
#7 2.076   Preparing metadata (setup.py): started
#7 2.464   Preparing metadata (setup.py): finished with status 'done'
#7 2.578 Collecting django (from dj.choices)
#7 2.587   Downloading django-5.2.7-py3-none-any.whl.metadata (4.1 kB)
#7 2.624 Collecting six (from dj.choices)
#7 2.635   Downloading six-1.17.0-py2.py3-none-any.whl.metadata (1.7 kB)
#7 2.690 Collecting asgiref>=3.8.1 (from django->dj.choices)
#7 2.702   Downloading asgiref-3.10.0-py3-none-any.whl.metadata (9.3 kB)
#7 2.744 Collecting sqlparse>=0.3.1 (from django->dj.choices)
#7 2.752   Downloading sqlparse-0.5.3-py3-none-any.whl.metadata (3.9 kB)
#7 2.780 Downloading django-5.2.7-py3-none-any.whl (8.3 MB)
#7 3.411    ━━━━━━━━━━━━━━━━━━━━━━━━━━━━━━━━━━━━━━━━ 8.3/8.3 MB 13.2 MB/s eta 0:00:00
#7 3.420 Downloading six-1.17.0-py2.py3-none-any.whl (11 kB)
#7 3.437 Downloading asgiref-3.10.0-py3-none-any.whl (24 kB)
#7 3.465 Downloading sqlparse-0.5.3-py3-none-any.whl (44 kB)
#7 3.476    ━━━━━━━━━━━━━━━━━━━━━━━━━━━━━━━━━━━━━━━━ 44.4/44.4 kB 3.7 MB/s eta 0:00:00
#7 3.513 Building wheels for collected packages: dj.choices
#7 3.514   Building wheel for dj.choices (setup.py): started
#7 3.698   Building wheel for dj.choices (setup.py): finished with status 'done'
#7 3.699   Created wheel for dj.choices: filename=dj_choices-0.11.0-py3-none-any.whl size=28716 sha256=6adb744f80bb367202069ad46fed0607efb845187c431dc9640ff9d1338c8fbf
#7 3.699   Stored in directory: /root/.cache/pip/wheels/97/38/bd/4ca089ff8ffdead6a07e7af033d36d74a01ab7a37e70797942
#7 3.701 Successfully built dj.choices
#7 3.749 Installing collected packages: sqlparse, six, asgiref, django, dj.choices
#7 5.159 Successfully installed asgiref-3.10.0 dj.choices-0.11.0 django-5.2.7 six-1.17.0 sqlparse-0.5.3
#7 5.159 WARNING: Running pip as the 'root' user can result in broken permissions and conflicting behaviour with the system package manager. It is recommended to use a virtual environment instead: https://pip.pypa.io/warnings/venv
#7 5.256 
#7 5.256 [notice] A new release of pip is available: 24.0 -> 25.3
#7 5.256 [notice] To update, run: pip install --upgrade pip
#7 DONE 5.7s

#8 [4/6] RUN ["pip","install","url"]
#8 0.627 Collecting url
#8 0.670   Downloading url-0.4.2.tar.gz (140 kB)
#8 0.700      ━━━━━━━━━━━━━━━━━━━━━━━━━━━━━━━━━━━━━━━ 140.9/140.9 kB 4.8 MB/s eta 0:00:00
#8 0.708   Preparing metadata (setup.py): started
#8 0.824   Preparing metadata (setup.py): finished with status 'done'
#8 0.826 Requirement already satisfied: six in /usr/local/lib/python3.11/site-packages (from url) (1.17.0)
#8 0.827 Building wheels for collected packages: url
#8 0.832   Building wheel for url (setup.py): started
#8 1.365   Building wheel for url (setup.py): finished with status 'error'
#8 1.372   error: subprocess-exited-with-error
#8 1.372   
#8 1.372   × python setup.py bdist_wheel did not run successfully.
#8 1.372   │ exit code: 1
#8 1.372   ╰─> [102 lines of output]
#8 1.372       Building from C++
#8 1.372       /usr/local/lib/python3.11/site-packages/setuptools/_distutils/dist.py:289: UserWarning: Unknown distribution option: 'tests_require'
#8 1.372         warnings.warn(msg)
#8 1.372       /usr/local/lib/python3.11/site-packages/setuptools/dist.py:599: SetuptoolsDeprecationWarning: Invalid dash-separated key 'description-file' in 'metadata' (setup.cfg), please use the underscore name 'description_file' instead.
#8 1.372       !!
#8 1.372       
#8 1.372               ********************************************************************************
#8 1.372               Usage of dash-separated 'description-file' will not be supported in future
#8 1.372               versions. Please use the underscore name 'description_file' instead.
#8 1.372               (Affected: url).
#8 1.372       
#8 1.372               By 2026-Mar-03, you need to update your project and remove deprecated calls
#8 1.372               or your builds will no longer be supported.
#8 1.372       
#8 1.372               See https://setuptools.pypa.io/en/latest/userguide/declarative_config.html for details.
#8 1.372               ********************************************************************************
#8 1.372       
#8 1.372       !!
#8 1.372         opt = self._enforce_underscore(opt, section)
#8 1.372       /usr/local/lib/python3.11/site-packages/setuptools/dist.py:759: SetuptoolsDeprecationWarning: License classifiers are deprecated.
#8 1.372       !!
#8 1.372       
#8 1.372               ********************************************************************************
#8 1.372               Please consider removing the following classifiers in favor of a SPDX license expression:
#8 1.372       
#8 1.372               License :: OSI Approved :: MIT License
#8 1.372       
#8 1.372               See https://packaging.python.org/en/latest/guides/writing-pyproject-toml/#license for details.
#8 1.372               ********************************************************************************
#8 1.372       
#8 1.372       !!
#8 1.372         self._finalize_license_expression()
#8 1.372       In file included from url/url-cpp/include/punycode.h:10,
#8 1.372                        from url/url-cpp/src/psl.cpp:7:
#8 1.372       url/url-cpp/include/utf8.h:19:17: error: ‘uint32_t’ does not name a type
#8 1.372          19 |         typedef uint32_t codepoint_t;
#8 1.372             |                 ^~~~~~~~
#8 1.372       url/url-cpp/include/utf8.h:1:1: note: ‘uint32_t’ is defined in header ‘<cstdint>’; this is probably fixable by adding ‘#include <cstdint>’
#8 1.372         +++ |+#include <cstdint>
#8 1.372           1 | #ifndef UTF8_CPP_H
#8 1.372       url/url-cpp/include/utf8.h:29:22: error: ‘codepoint_t’ does not name a type
#8 1.372          29 |         static const codepoint_t MAX_CODEPOINT = 0x10FFFF;
#8 1.372             |                      ^~~~~~~~~~~
#8 1.372       url/url-cpp/include/utf8.h:34:16: error: ‘codepoint_t’ does not name a type
#8 1.372          34 |         static codepoint_t readCodepoint(
#8 1.372             |                ^~~~~~~~~~~
#8 1.372       url/url-cpp/include/utf8.h:40:62: error: ‘codepoint_t’ has not been declared
#8 1.372          40 |         static std::string& writeCodepoint(std::string& str, codepoint_t value);
#8 1.372             |                                                              ^~~~~~~~~~~
#8 1.372       url/url-cpp/include/utf8.h:45:16: error: ‘codepoint_t’ does not name a type
#8 1.372          45 |         static codepoint_t toCodepoint(const std::string& str)
#8 1.372             |                ^~~~~~~~~~~
#8 1.372       url/url-cpp/include/utf8.h:54:42: error: ‘codepoint_t’ has not been declared
#8 1.372          54 |         static std::string fromCodepoint(codepoint_t value)
#8 1.372             |                                          ^~~~~~~~~~~
#8 1.372       url/url-cpp/include/utf8.h:64:28: error: ‘codepoint_t’ was not declared in this scope
#8 1.372          64 |         static std::vector<codepoint_t> toCodepoints(const std::string& str)
#8 1.372             |                            ^~~~~~~~~~~
#8 1.372       url/url-cpp/include/utf8.h:64:39: error: template argument 1 is invalid
#8 1.372          64 |         static std::vector<codepoint_t> toCodepoints(const std::string& str)
#8 1.372             |                                       ^
#8 1.372       url/url-cpp/include/utf8.h:64:39: error: template argument 2 is invalid
#8 1.372       url/url-cpp/include/utf8.h:77:61: error: ‘codepoint_t’ was not declared in this scope
#8 1.372          77 |         static std::string fromCodepoints(const std::vector<codepoint_t>& points)
#8 1.372             |                                                             ^~~~~~~~~~~
#8 1.372       url/url-cpp/include/utf8.h:77:72: error: template argument 1 is invalid
#8 1.372          77 |         static std::string fromCodepoints(const std::vector<codepoint_t>& points)
#8 1.372             |                                                                        ^
#8 1.372       url/url-cpp/include/utf8.h:77:72: error: template argument 2 is invalid
#8 1.372       url/url-cpp/include/utf8.h: In static member function ‘static int Url::Utf8::toCodepoints(const std::string&)’:
#8 1.372       url/url-cpp/include/utf8.h:66:25: error: ‘codepoint_t’ was not declared in this scope
#8 1.372          66 |             std::vector<codepoint_t> result;
#8 1.372             |                         ^~~~~~~~~~~
#8 1.372       url/url-cpp/include/utf8.h:66:36: error: template argument 1 is invalid
#8 1.372          66 |             std::vector<codepoint_t> result;
#8 1.372             |                                    ^
#8 1.372       url/url-cpp/include/utf8.h:66:36: error: template argument 2 is invalid
#8 1.372       url/url-cpp/include/utf8.h:69:24: error: request for member ‘push_back’ in ‘result’, which is of non-class type ‘int’
#8 1.372          69 |                 result.push_back(readCodepoint(it, str.end()));
#8 1.372             |                        ^~~~~~~~~
#8 1.372       url/url-cpp/include/utf8.h:69:34: error: ‘readCodepoint’ was not declared in this scope; did you mean ‘writeCodepoint’?
#8 1.372          69 |                 result.push_back(readCodepoint(it, str.end()));
#8 1.372             |                                  ^~~~~~~~~~~~~
#8 1.372             |                                  writeCodepoint
#8 1.372       url/url-cpp/include/utf8.h: In static member function ‘static std::string Url::Utf8::fromCodepoints(const int&)’:
#8 1.372       url/url-cpp/include/utf8.h:80:35: error: request for member ‘begin’ in ‘points’, which is of non-class type ‘const int’
#8 1.372          80 |             for (auto it = points.begin(); it != points.end(); ++it)
#8 1.372             |                                   ^~~~~
#8 1.372       url/url-cpp/include/utf8.h:80:57: error: request for member ‘end’ in ‘points’, which is of non-class type ‘const int’
#8 1.372          80 |             for (auto it = points.begin(); it != points.end(); ++it)
#8 1.372             |                                                         ^~~
#8 1.372       url/url-cpp/include/punycode.h: At global scope:
#8 1.372       url/url-cpp/include/punycode.h:17:23: error: ‘codepoint_t’ in ‘struct Url::Utf8’ does not name a type
#8 1.372          17 |         typedef Utf8::codepoint_t punycode_uint;
#8 1.372             |                       ^~~~~~~~~~~
#8 1.372       url/url-cpp/include/punycode.h:56:15: error: ‘punycode_uint’ does not name a type
#8 1.372          56 |         const punycode_uint MAX_PUNYCODE_UINT = std::numeric_limits<punycode_uint>::max();
#8 1.372             |               ^~~~~~~~~~~~~
#8 1.372       url/url-cpp/include/punycode.h:98:9: error: ‘punycode_uint’ does not name a type
#8 1.372          98 |         punycode_uint adapt(
#8 1.372             |         ^~~~~~~~~~~~~
#8 1.372       error: command '/usr/bin/g++' failed with exit code 1
#8 1.372       [end of output]
#8 1.372   
#8 1.372   note: This error originates from a subprocess, and is likely not a problem with pip.
#8 1.372   ERROR: Failed building wheel for url
#8 1.372   Running setup.py clean for url
#8 1.488 Failed to build url
#8 1.488 ERROR: Could not build wheels for url, which is required to install pyproject.toml-based projects
#8 1.494 
#8 1.494 [notice] A new release of pip is available: 24.0 -> 25.3
#8 1.494 [notice] To update, run: pip install --upgrade pip
#8 ERROR: process "pip install url" did not complete successfully: exit code: 1
------
 > [4/6] RUN ["pip","install","url"]:
1.372       [end of output]
1.372   
1.372   note: This error originates from a subprocess, and is likely not a problem with pip.
1.372   ERROR: Failed building wheel for url
1.372   Running setup.py clean for url
1.488 Failed to build url
1.488 ERROR: Could not build wheels for url, which is required to install pyproject.toml-based projects
1.494 
1.494 [notice] A new release of pip is available: 24.0 -> 25.3
1.494 [notice] To update, run: pip install --upgrade pip
------
Dockerfile:4
--------------------
   2 |     COPY hard-gists/b493a228c4081ff0260b/snippet.py /snippet.py
   3 |     RUN ["pip","install","dj.choices"]
   4 | >>> RUN ["pip","install","url"]
   5 |     RUN ["pip","install","requests"]
   6 |     RUN ["pip","install","Django"]
--------------------
ERROR: failed to build: failed to solve: process "pip install url" did not complete successfully: exit code: 1

View build details: docker-desktop://dashboard/build/default/default/74fr9jyz0qc4759x74u8wdg2r
[2025-10-29 19:30:35] ERROR: Build failed for b493a228c4081ff0260b
