=== Docker Build Log for 5182378 ===
Started at: Mi 29. Okt 15:25:16 CET 2025

[2025-10-29 15:25:16] START: Building image for 5182378
#0 building with "default" instance using docker driver

#1 [internal] load build definition from Dockerfile
#1 transferring dockerfile: 498B done
#1 DONE 0.0s

#2 [internal] load metadata for docker.io/library/python:3.11
#2 DONE 0.0s

#3 [internal] load .dockerignore
#3 transferring context: 2B done
#3 DONE 0.0s

#4 [internal] load build context
#4 transferring context: 704B 0.0s done
#4 DONE 0.0s

#5 [ 1/13] FROM docker.io/library/python:3.11
#5 CACHED

#6 [ 2/13] COPY hard-gists/5182378/snippet.py /snippet.py
#6 DONE 0.1s

#7 [ 3/13] RUN ["pip","install","six"]
#7 1.952 Collecting six
#7 1.986   Downloading six-1.17.0-py2.py3-none-any.whl.metadata (1.7 kB)
#7 2.007 Downloading six-1.17.0-py2.py3-none-any.whl (11 kB)
#7 2.052 Installing collected packages: six
#7 2.068 Successfully installed six-1.17.0
#7 2.068 WARNING: Running pip as the 'root' user can result in broken permissions and conflicting behaviour with the system package manager. It is recommended to use a virtual environment instead: https://pip.pypa.io/warnings/venv
#7 2.156 
#7 2.156 [notice] A new release of pip is available: 24.0 -> 25.3
#7 2.156 [notice] To update, run: pip install --upgrade pip
#7 DONE 2.4s

#8 [ 4/13] RUN ["pip","install","Flask"]
#8 0.571 Collecting Flask
#8 0.606   Downloading flask-3.1.2-py3-none-any.whl.metadata (3.2 kB)
#8 0.653 Collecting blinker>=1.9.0 (from Flask)
#8 0.661   Downloading blinker-1.9.0-py3-none-any.whl.metadata (1.6 kB)
#8 0.715 Collecting click>=8.1.3 (from Flask)
#8 0.725   Downloading click-8.3.0-py3-none-any.whl.metadata (2.6 kB)
#8 0.772 Collecting itsdangerous>=2.2.0 (from Flask)
#8 0.782   Downloading itsdangerous-2.2.0-py3-none-any.whl.metadata (1.9 kB)
#8 0.841 Collecting jinja2>=3.1.2 (from Flask)
#8 0.851   Downloading jinja2-3.1.6-py3-none-any.whl.metadata (2.9 kB)
#8 0.951 Collecting markupsafe>=2.1.1 (from Flask)
#8 0.959   Downloading markupsafe-3.0.3-cp311-cp311-manylinux2014_x86_64.manylinux_2_17_x86_64.manylinux_2_28_x86_64.whl.metadata (2.7 kB)
#8 1.016 Collecting werkzeug>=3.1.0 (from Flask)
#8 1.023   Downloading werkzeug-3.1.3-py3-none-any.whl.metadata (3.7 kB)
#8 1.054 Downloading flask-3.1.2-py3-none-any.whl (103 kB)
#8 1.079    ━━━━━━━━━━━━━━━━━━━━━━━━━━━━━━━━━━━━━━━━ 103.3/103.3 kB 4.2 MB/s eta 0:00:00
#8 1.088 Downloading blinker-1.9.0-py3-none-any.whl (8.5 kB)
#8 1.108 Downloading click-8.3.0-py3-none-any.whl (107 kB)
#8 1.124    ━━━━━━━━━━━━━━━━━━━━━━━━━━━━━━━━━━━━━━━━ 107.3/107.3 kB 6.9 MB/s eta 0:00:00
#8 1.132 Downloading itsdangerous-2.2.0-py3-none-any.whl (16 kB)
#8 1.151 Downloading jinja2-3.1.6-py3-none-any.whl (134 kB)
#8 1.168    ━━━━━━━━━━━━━━━━━━━━━━━━━━━━━━━━━━━━━━━━ 134.9/134.9 kB 8.3 MB/s eta 0:00:00
#8 1.177 Downloading markupsafe-3.0.3-cp311-cp311-manylinux2014_x86_64.manylinux_2_17_x86_64.manylinux_2_28_x86_64.whl (22 kB)
#8 1.199 Downloading werkzeug-3.1.3-py3-none-any.whl (224 kB)
#8 1.216    ━━━━━━━━━━━━━━━━━━━━━━━━━━━━━━━━━━━━━━━━ 224.5/224.5 kB 14.1 MB/s eta 0:00:00
#8 1.260 Installing collected packages: markupsafe, itsdangerous, click, blinker, werkzeug, jinja2, Flask
#8 1.604 Successfully installed Flask-3.1.2 blinker-1.9.0 click-8.3.0 itsdangerous-2.2.0 jinja2-3.1.6 markupsafe-3.0.3 werkzeug-3.1.3
#8 1.605 WARNING: Running pip as the 'root' user can result in broken permissions and conflicting behaviour with the system package manager. It is recommended to use a virtual environment instead: https://pip.pypa.io/warnings/venv
#8 1.610 
#8 1.610 [notice] A new release of pip is available: 24.0 -> 25.3
#8 1.610 [notice] To update, run: pip install --upgrade pip
#8 DONE 1.7s

#9 [ 5/13] RUN ["pip","install","Werkzeug"]
#9 0.471 Requirement already satisfied: Werkzeug in /usr/local/lib/python3.11/site-packages (3.1.3)
#9 0.474 Requirement already satisfied: MarkupSafe>=2.1.1 in /usr/local/lib/python3.11/site-packages (from Werkzeug) (3.0.3)
#9 0.512 WARNING: Running pip as the 'root' user can result in broken permissions and conflicting behaviour with the system package manager. It is recommended to use a virtual environment instead: https://pip.pypa.io/warnings/venv
#9 0.517 
#9 0.517 [notice] A new release of pip is available: 24.0 -> 25.3
#9 0.517 [notice] To update, run: pip install --upgrade pip
#9 DONE 0.6s

#10 [ 6/13] RUN ["pip","install","itsdangerous"]
#10 0.456 Requirement already satisfied: itsdangerous in /usr/local/lib/python3.11/site-packages (2.2.0)
#10 0.499 WARNING: Running pip as the 'root' user can result in broken permissions and conflicting behaviour with the system package manager. It is recommended to use a virtual environment instead: https://pip.pypa.io/warnings/venv
#10 0.507 
#10 0.507 [notice] A new release of pip is available: 24.0 -> 25.3
#10 0.507 [notice] To update, run: pip install --upgrade pip
#10 DONE 0.6s

#11 [ 7/13] RUN ["pip","install","alembic"]
#11 0.567 Collecting alembic
#11 0.601   Downloading alembic-1.17.1-py3-none-any.whl.metadata (7.2 kB)
#11 0.911 Collecting SQLAlchemy>=1.4.0 (from alembic)
#11 0.920   Downloading sqlalchemy-2.0.44-cp311-cp311-manylinux_2_17_x86_64.manylinux2014_x86_64.whl.metadata (9.5 kB)
#11 0.981 Collecting Mako (from alembic)
#11 0.990   Downloading mako-1.3.10-py3-none-any.whl.metadata (2.9 kB)
#11 1.033 Collecting typing-extensions>=4.12 (from alembic)
#11 1.043   Downloading typing_extensions-4.15.0-py3-none-any.whl.metadata (3.3 kB)
#11 1.231 Collecting greenlet>=1 (from SQLAlchemy>=1.4.0->alembic)
#11 1.241   Downloading greenlet-3.2.4-cp311-cp311-manylinux_2_24_x86_64.manylinux_2_28_x86_64.whl.metadata (4.1 kB)
#11 1.267 Requirement already satisfied: MarkupSafe>=0.9.2 in /usr/local/lib/python3.11/site-packages (from Mako->alembic) (3.0.3)
#11 1.282 Downloading alembic-1.17.1-py3-none-any.whl (247 kB)
#11 1.327    ━━━━━━━━━━━━━━━━━━━━━━━━━━━━━━━━━━━━━━━━ 247.8/247.8 kB 5.6 MB/s eta 0:00:00
#11 1.338 Downloading sqlalchemy-2.0.44-cp311-cp311-manylinux_2_17_x86_64.manylinux2014_x86_64.whl (3.3 MB)
#11 1.486    ━━━━━━━━━━━━━━━━━━━━━━━━━━━━━━━━━━━━━━━━ 3.3/3.3 MB 22.6 MB/s eta 0:00:00
#11 1.494 Downloading typing_extensions-4.15.0-py3-none-any.whl (44 kB)
#11 1.508    ━━━━━━━━━━━━━━━━━━━━━━━━━━━━━━━━━━━━━━━━ 44.6/44.6 kB 2.9 MB/s eta 0:00:00
#11 1.517 Downloading mako-1.3.10-py3-none-any.whl (78 kB)
#11 1.528    ━━━━━━━━━━━━━━━━━━━━━━━━━━━━━━━━━━━━━━━━ 78.5/78.5 kB 7.0 MB/s eta 0:00:00
#11 1.538 Downloading greenlet-3.2.4-cp311-cp311-manylinux_2_24_x86_64.manylinux_2_28_x86_64.whl (587 kB)
#11 1.566    ━━━━━━━━━━━━━━━━━━━━━━━━━━━━━━━━━━━━━━━━ 587.7/587.7 kB 21.9 MB/s eta 0:00:00
#11 1.643 Installing collected packages: typing-extensions, Mako, greenlet, SQLAlchemy, alembic
#11 2.682 Successfully installed Mako-1.3.10 SQLAlchemy-2.0.44 alembic-1.17.1 greenlet-3.2.4 typing-extensions-4.15.0
#11 2.682 WARNING: Running pip as the 'root' user can result in broken permissions and conflicting behaviour with the system package manager. It is recommended to use a virtual environment instead: https://pip.pypa.io/warnings/venv
#11 2.688 
#11 2.688 [notice] A new release of pip is available: 24.0 -> 25.3
#11 2.688 [notice] To update, run: pip install --upgrade pip
#11 DONE 3.0s

#12 [ 8/13] RUN ["pip","install","python-editor"]
#12 0.534 Collecting python-editor
#12 0.568   Downloading python_editor-1.0.4-py3-none-any.whl.metadata (2.2 kB)
#12 0.592 Downloading python_editor-1.0.4-py3-none-any.whl (4.9 kB)
#12 0.668 Installing collected packages: python-editor
#12 0.725 Successfully installed python-editor-1.0.4
#12 0.725 WARNING: Running pip as the 'root' user can result in broken permissions and conflicting behaviour with the system package manager. It is recommended to use a virtual environment instead: https://pip.pypa.io/warnings/venv
#12 0.731 
#12 0.731 [notice] A new release of pip is available: 24.0 -> 25.3
#12 0.731 [notice] To update, run: pip install --upgrade pip
#12 DONE 0.8s

#13 [ 9/13] RUN ["pip","install","url"]
#13 0.556 Collecting url
#13 0.589   Downloading url-0.4.2.tar.gz (140 kB)
#13 0.627      ━━━━━━━━━━━━━━━━━━━━━━━━━━━━━━━━━━━━━━━ 140.9/140.9 kB 3.8 MB/s eta 0:00:00
#13 0.635   Preparing metadata (setup.py): started
#13 1.138   Preparing metadata (setup.py): finished with status 'done'
#13 1.140 Requirement already satisfied: six in /usr/local/lib/python3.11/site-packages (from url) (1.17.0)
#13 1.141 Building wheels for collected packages: url
#13 1.142   Building wheel for url (setup.py): started
#13 1.620   Building wheel for url (setup.py): finished with status 'error'
#13 1.629   error: subprocess-exited-with-error
#13 1.629   
#13 1.629   × python setup.py bdist_wheel did not run successfully.
#13 1.629   │ exit code: 1
#13 1.629   ╰─> [102 lines of output]
#13 1.629       Building from C++
#13 1.629       /usr/local/lib/python3.11/site-packages/setuptools/_distutils/dist.py:289: UserWarning: Unknown distribution option: 'tests_require'
#13 1.629         warnings.warn(msg)
#13 1.629       /usr/local/lib/python3.11/site-packages/setuptools/dist.py:599: SetuptoolsDeprecationWarning: Invalid dash-separated key 'description-file' in 'metadata' (setup.cfg), please use the underscore name 'description_file' instead.
#13 1.629       !!
#13 1.629       
#13 1.629               ********************************************************************************
#13 1.629               Usage of dash-separated 'description-file' will not be supported in future
#13 1.629               versions. Please use the underscore name 'description_file' instead.
#13 1.629               (Affected: url).
#13 1.629       
#13 1.629               By 2026-Mar-03, you need to update your project and remove deprecated calls
#13 1.629               or your builds will no longer be supported.
#13 1.629       
#13 1.629               See https://setuptools.pypa.io/en/latest/userguide/declarative_config.html for details.
#13 1.629               ********************************************************************************
#13 1.629       
#13 1.629       !!
#13 1.629         opt = self._enforce_underscore(opt, section)
#13 1.629       /usr/local/lib/python3.11/site-packages/setuptools/dist.py:759: SetuptoolsDeprecationWarning: License classifiers are deprecated.
#13 1.629       !!
#13 1.629       
#13 1.629               ********************************************************************************
#13 1.629               Please consider removing the following classifiers in favor of a SPDX license expression:
#13 1.629       
#13 1.629               License :: OSI Approved :: MIT License
#13 1.629       
#13 1.629               See https://packaging.python.org/en/latest/guides/writing-pyproject-toml/#license for details.
#13 1.629               ********************************************************************************
#13 1.629       
#13 1.629       !!
#13 1.629         self._finalize_license_expression()
#13 1.629       In file included from url/url-cpp/include/punycode.h:10,
#13 1.629                        from url/url-cpp/src/psl.cpp:7:
#13 1.629       url/url-cpp/include/utf8.h:19:17: error: ‘uint32_t’ does not name a type
#13 1.629          19 |         typedef uint32_t codepoint_t;
#13 1.629             |                 ^~~~~~~~
#13 1.629       url/url-cpp/include/utf8.h:1:1: note: ‘uint32_t’ is defined in header ‘<cstdint>’; this is probably fixable by adding ‘#include <cstdint>’
#13 1.629         +++ |+#include <cstdint>
#13 1.629           1 | #ifndef UTF8_CPP_H
#13 1.629       url/url-cpp/include/utf8.h:29:22: error: ‘codepoint_t’ does not name a type
#13 1.629          29 |         static const codepoint_t MAX_CODEPOINT = 0x10FFFF;
#13 1.629             |                      ^~~~~~~~~~~
#13 1.629       url/url-cpp/include/utf8.h:34:16: error: ‘codepoint_t’ does not name a type
#13 1.629          34 |         static codepoint_t readCodepoint(
#13 1.629             |                ^~~~~~~~~~~
#13 1.629       url/url-cpp/include/utf8.h:40:62: error: ‘codepoint_t’ has not been declared
#13 1.629          40 |         static std::string& writeCodepoint(std::string& str, codepoint_t value);
#13 1.629             |                                                              ^~~~~~~~~~~
#13 1.629       url/url-cpp/include/utf8.h:45:16: error: ‘codepoint_t’ does not name a type
#13 1.629          45 |         static codepoint_t toCodepoint(const std::string& str)
#13 1.629             |                ^~~~~~~~~~~
#13 1.629       url/url-cpp/include/utf8.h:54:42: error: ‘codepoint_t’ has not been declared
#13 1.629          54 |         static std::string fromCodepoint(codepoint_t value)
#13 1.629             |                                          ^~~~~~~~~~~
#13 1.629       url/url-cpp/include/utf8.h:64:28: error: ‘codepoint_t’ was not declared in this scope
#13 1.629          64 |         static std::vector<codepoint_t> toCodepoints(const std::string& str)
#13 1.629             |                            ^~~~~~~~~~~
#13 1.629       url/url-cpp/include/utf8.h:64:39: error: template argument 1 is invalid
#13 1.629          64 |         static std::vector<codepoint_t> toCodepoints(const std::string& str)
#13 1.629             |                                       ^
#13 1.629       url/url-cpp/include/utf8.h:64:39: error: template argument 2 is invalid
#13 1.629       url/url-cpp/include/utf8.h:77:61: error: ‘codepoint_t’ was not declared in this scope
#13 1.629          77 |         static std::string fromCodepoints(const std::vector<codepoint_t>& points)
#13 1.629             |                                                             ^~~~~~~~~~~
#13 1.629       url/url-cpp/include/utf8.h:77:72: error: template argument 1 is invalid
#13 1.629          77 |         static std::string fromCodepoints(const std::vector<codepoint_t>& points)
#13 1.629             |                                                                        ^
#13 1.629       url/url-cpp/include/utf8.h:77:72: error: template argument 2 is invalid
#13 1.629       url/url-cpp/include/utf8.h: In static member function ‘static int Url::Utf8::toCodepoints(const std::string&)’:
#13 1.629       url/url-cpp/include/utf8.h:66:25: error: ‘codepoint_t’ was not declared in this scope
#13 1.629          66 |             std::vector<codepoint_t> result;
#13 1.629             |                         ^~~~~~~~~~~
#13 1.629       url/url-cpp/include/utf8.h:66:36: error: template argument 1 is invalid
#13 1.629          66 |             std::vector<codepoint_t> result;
#13 1.629             |                                    ^
#13 1.629       url/url-cpp/include/utf8.h:66:36: error: template argument 2 is invalid
#13 1.629       url/url-cpp/include/utf8.h:69:24: error: request for member ‘push_back’ in ‘result’, which is of non-class type ‘int’
#13 1.629          69 |                 result.push_back(readCodepoint(it, str.end()));
#13 1.629             |                        ^~~~~~~~~
#13 1.629       url/url-cpp/include/utf8.h:69:34: error: ‘readCodepoint’ was not declared in this scope; did you mean ‘writeCodepoint’?
#13 1.629          69 |                 result.push_back(readCodepoint(it, str.end()));
#13 1.629             |                                  ^~~~~~~~~~~~~
#13 1.629             |                                  writeCodepoint
#13 1.629       url/url-cpp/include/utf8.h: In static member function ‘static std::string Url::Utf8::fromCodepoints(const int&)’:
#13 1.629       url/url-cpp/include/utf8.h:80:35: error: request for member ‘begin’ in ‘points’, which is of non-class type ‘const int’
#13 1.629          80 |             for (auto it = points.begin(); it != points.end(); ++it)
#13 1.629             |                                   ^~~~~
#13 1.629       url/url-cpp/include/utf8.h:80:57: error: request for member ‘end’ in ‘points’, which is of non-class type ‘const int’
#13 1.629          80 |             for (auto it = points.begin(); it != points.end(); ++it)
#13 1.629             |                                                         ^~~
#13 1.629       url/url-cpp/include/punycode.h: At global scope:
#13 1.629       url/url-cpp/include/punycode.h:17:23: error: ‘codepoint_t’ in ‘struct Url::Utf8’ does not name a type
#13 1.629          17 |         typedef Utf8::codepoint_t punycode_uint;
#13 1.629             |                       ^~~~~~~~~~~
#13 1.629       url/url-cpp/include/punycode.h:56:15: error: ‘punycode_uint’ does not name a type
#13 1.629          56 |         const punycode_uint MAX_PUNYCODE_UINT = std::numeric_limits<punycode_uint>::max();
#13 1.629             |               ^~~~~~~~~~~~~
#13 1.629       url/url-cpp/include/punycode.h:98:9: error: ‘punycode_uint’ does not name a type
#13 1.629          98 |         punycode_uint adapt(
#13 1.629             |         ^~~~~~~~~~~~~
#13 1.629       error: command '/usr/bin/g++' failed with exit code 1
#13 1.629       [end of output]
#13 1.629   
#13 1.629   note: This error originates from a subprocess, and is likely not a problem with pip.
#13 1.629   ERROR: Failed building wheel for url
#13 1.629   Running setup.py clean for url
#13 1.733 Failed to build url
#13 1.734 ERROR: Could not build wheels for url, which is required to install pyproject.toml-based projects
#13 1.739 
#13 1.739 [notice] A new release of pip is available: 24.0 -> 25.3
#13 1.739 [notice] To update, run: pip install --upgrade pip
#13 ERROR: process "pip install url" did not complete successfully: exit code: 1
------
 > [ 9/13] RUN ["pip","install","url"]:
1.629       [end of output]
1.629   
1.629   note: This error originates from a subprocess, and is likely not a problem with pip.
1.629   ERROR: Failed building wheel for url
1.629   Running setup.py clean for url
1.733 Failed to build url
1.734 ERROR: Could not build wheels for url, which is required to install pyproject.toml-based projects
1.739 
1.739 [notice] A new release of pip is available: 24.0 -> 25.3
1.739 [notice] To update, run: pip install --upgrade pip
------
Dockerfile:9
--------------------
   7 |     RUN ["pip","install","alembic"]
   8 |     RUN ["pip","install","python-editor"]
   9 | >>> RUN ["pip","install","url"]
  10 |     RUN ["pip","install","clip.py"]
  11 |     RUN ["pip","install","py-curses-editor"]
--------------------
ERROR: failed to build: failed to solve: process "pip install url" did not complete successfully: exit code: 1

View build details: docker-desktop://dashboard/build/default/default/vu13pr2s9y4nnjuj7ex0rxita
[2025-10-29 15:25:28] ERROR: Build failed for 5182378
