=== Docker Build Log for 9952389 ===
Started at: Mi 29. Okt 18:35:42 CET 2025

[2025-10-29 18:35:42] START: Building image for 9952389
#0 building with "default" instance using docker driver

#1 [internal] load build definition from Dockerfile
#1 transferring dockerfile: 307B done
#1 DONE 0.0s

#2 [internal] load metadata for docker.io/library/python:3.11
#2 DONE 0.0s

#3 [internal] load .dockerignore
#3 transferring context: 2B done
#3 DONE 0.0s

#4 [internal] load build context
#4 transferring context: 1.04kB 0.0s done
#4 DONE 0.0s

#5 [1/7] FROM docker.io/library/python:3.11
#5 CACHED

#6 [2/7] COPY hard-gists/9952389/snippet.py /snippet.py
#6 DONE 0.1s

#7 [3/7] RUN ["pip","install","marrow.mailer"]
#7 2.003 Collecting marrow.mailer
#7 2.048   Downloading marrow.mailer-4.0.3-py2.py3-none-any.whl.metadata (1.4 kB)
#7 2.195 Collecting marrow.util<2.0 (from marrow.mailer)
#7 2.204   Downloading marrow.util-1.2.3.tar.gz (17 kB)
#7 2.219   Preparing metadata (setup.py): started
#7 2.603   Preparing metadata (setup.py): finished with status 'done'
#7 2.617 Downloading marrow.mailer-4.0.3-py2.py3-none-any.whl (132 kB)
#7 2.650    ━━━━━━━━━━━━━━━━━━━━━━━━━━━━━━━━━━━━━━━━ 132.7/132.7 kB 3.9 MB/s eta 0:00:00
#7 2.656 Building wheels for collected packages: marrow.util
#7 2.656   Building wheel for marrow.util (setup.py): started
#7 2.827   Building wheel for marrow.util (setup.py): finished with status 'done'
#7 2.828   Created wheel for marrow.util: filename=marrow_util-1.2.3-py3-none-any.whl size=23729 sha256=5ddc202246f933716cc3b967ad6605f9858a2b4d501b7f0f3bab19fcdaef4ecd
#7 2.828   Stored in directory: /root/.cache/pip/wheels/c1/26/db/9d972b23abf62c5f197f5b57713fcdba2c6b727d887e1df6f0
#7 2.830 Successfully built marrow.util
#7 2.861 Installing collected packages: marrow.util, marrow.mailer
#7 2.930 Successfully installed marrow.mailer-4.0.3 marrow.util-1.2.3
#7 2.930 WARNING: Running pip as the 'root' user can result in broken permissions and conflicting behaviour with the system package manager. It is recommended to use a virtual environment instead: https://pip.pypa.io/warnings/venv
#7 3.018 
#7 3.018 [notice] A new release of pip is available: 24.0 -> 25.3
#7 3.018 [notice] To update, run: pip install --upgrade pip
#7 DONE 3.2s

#8 [4/7] RUN ["pip","install","marrow.schema"]
#8 0.613 Collecting marrow.schema
#8 0.649   Downloading marrow.schema-2.0.0-py2.py3-none-any.whl.metadata (29 kB)
#8 0.675 Downloading marrow.schema-2.0.0-py2.py3-none-any.whl (78 kB)
#8 0.700    ━━━━━━━━━━━━━━━━━━━━━━━━━━━━━━━━━━━━━━━━ 78.4/78.4 kB 3.1 MB/s eta 0:00:00
#8 0.737 Installing collected packages: marrow.schema
#8 0.793 Successfully installed marrow.schema-2.0.0
#8 0.793 WARNING: Running pip as the 'root' user can result in broken permissions and conflicting behaviour with the system package manager. It is recommended to use a virtual environment instead: https://pip.pypa.io/warnings/venv
#8 0.798 
#8 0.798 [notice] A new release of pip is available: 24.0 -> 25.3
#8 0.798 [notice] To update, run: pip install --upgrade pip
#8 DONE 0.9s

#9 [5/7] RUN ["pip","install","marrow.mongo"]
#9 0.628 Collecting marrow.mongo
#9 0.664   Downloading marrow.mongo-1.1.2-py2.py3-none-any.whl.metadata (9.5 kB)
#9 0.814 Collecting uri<3.0.0,>=2.0.0 (from marrow.mongo)
#9 0.825   Downloading uri-2.0.1-py2.py3-none-any.whl.metadata (13 kB)
#9 0.883 Collecting marrow.schema<2.0.0,>=1.2.0 (from marrow.mongo)
#9 0.893   Downloading marrow.schema-1.2.0-py2.py3-none-any.whl.metadata (29 kB)
#9 1.035 Collecting marrow.package<2.0.0,>=1.1.0 (from marrow.mongo)
#9 1.045   Downloading marrow.package-1.2.0-py2.py3-none-any.whl.metadata (13 kB)
#9 1.360 Collecting pymongo>=3.2 (from marrow.mongo)
#9 1.373   Downloading pymongo-4.15.3-cp311-cp311-manylinux2014_x86_64.manylinux_2_17_x86_64.manylinux_2_28_x86_64.whl.metadata (22 kB)
#9 1.469 Collecting dnspython<3.0.0,>=1.16.0 (from pymongo>=3.2->marrow.mongo)
#9 1.478   Downloading dnspython-2.8.0-py3-none-any.whl.metadata (5.7 kB)
#9 1.513 Downloading marrow.mongo-1.1.2-py2.py3-none-any.whl (159 kB)
#9 1.538    ━━━━━━━━━━━━━━━━━━━━━━━━━━━━━━━━━━━━━━━━ 159.1/159.1 kB 6.6 MB/s eta 0:00:00
#9 1.547 Downloading marrow.package-1.2.0-py2.py3-none-any.whl (28 kB)
#9 1.572 Downloading marrow.schema-1.2.0-py2.py3-none-any.whl (62 kB)
#9 1.588    ━━━━━━━━━━━━━━━━━━━━━━━━━━━━━━━━━━━━━━━━ 62.2/62.2 kB 3.7 MB/s eta 0:00:00
#9 1.598 Downloading pymongo-4.15.3-cp311-cp311-manylinux2014_x86_64.manylinux_2_17_x86_64.manylinux_2_28_x86_64.whl (1.5 MB)
#9 1.656    ━━━━━━━━━━━━━━━━━━━━━━━━━━━━━━━━━━━━━━━━ 1.5/1.5 MB 25.5 MB/s eta 0:00:00
#9 1.665 Downloading uri-2.0.1-py2.py3-none-any.whl (42 kB)
#9 1.675    ━━━━━━━━━━━━━━━━━━━━━━━━━━━━━━━━━━━━━━━━ 43.0/43.0 kB 3.6 MB/s eta 0:00:00
#9 1.683 Downloading dnspython-2.8.0-py3-none-any.whl (331 kB)
#9 1.708    ━━━━━━━━━━━━━━━━━━━━━━━━━━━━━━━━━━━━━━━━ 331.1/331.1 kB 13.9 MB/s eta 0:00:00
#9 1.796 Installing collected packages: uri, marrow.schema, marrow.package, dnspython, pymongo, marrow.mongo
#9 1.842   Attempting uninstall: marrow.schema
#9 1.845     Found existing installation: marrow.schema 2.0.0
#9 1.849     Uninstalling marrow.schema-2.0.0:
#9 1.903       Successfully uninstalled marrow.schema-2.0.0
#9 2.443 Successfully installed dnspython-2.8.0 marrow.mongo-1.1.2 marrow.package-1.2.0 marrow.schema-1.2.0 pymongo-4.15.3 uri-2.0.1
#9 2.443 WARNING: Running pip as the 'root' user can result in broken permissions and conflicting behaviour with the system package manager. It is recommended to use a virtual environment instead: https://pip.pypa.io/warnings/venv
#9 2.448 
#9 2.448 [notice] A new release of pip is available: 24.0 -> 25.3
#9 2.448 [notice] To update, run: pip install --upgrade pip
#9 DONE 2.7s

#10 [6/7] RUN ["pip","install","WebCore"]
#10 0.789 Collecting WebCore
#10 0.824   Downloading WebCore-2.0.4-py2.py3-none-any.whl.metadata (26 kB)
#10 0.852 Requirement already satisfied: marrow.package<2.0 in /usr/local/lib/python3.11/site-packages (from WebCore) (1.2.0)
#10 0.889 Collecting WebOb (from WebCore)
#10 0.901   Downloading WebOb-1.8.9-py2.py3-none-any.whl.metadata (11 kB)
#10 0.932 Downloading WebCore-2.0.4-py2.py3-none-any.whl (104 kB)
#10 0.962    ━━━━━━━━━━━━━━━━━━━━━━━━━━━━━━━━━━━━━━━━ 104.6/104.6 kB 3.3 MB/s eta 0:00:00
#10 0.971 Downloading WebOb-1.8.9-py2.py3-none-any.whl (115 kB)
#10 0.983    ━━━━━━━━━━━━━━━━━━━━━━━━━━━━━━━━━━━━━━━━ 115.4/115.4 kB 9.5 MB/s eta 0:00:00
#10 1.080 Installing collected packages: WebOb, WebCore
#10 1.189 Successfully installed WebCore-2.0.4 WebOb-1.8.9
#10 1.189 WARNING: Running pip as the 'root' user can result in broken permissions and conflicting behaviour with the system package manager. It is recommended to use a virtual environment instead: https://pip.pypa.io/warnings/venv
#10 1.194 
#10 1.194 [notice] A new release of pip is available: 24.0 -> 25.3
#10 1.194 [notice] To update, run: pip install --upgrade pip
#10 DONE 1.3s

#11 [7/7] RUN ["pip","install","url"]
#11 0.646 Collecting url
#11 0.681   Downloading url-0.4.2.tar.gz (140 kB)
#11 0.714      ━━━━━━━━━━━━━━━━━━━━━━━━━━━━━━━━━━━━━━━ 140.9/140.9 kB 4.3 MB/s eta 0:00:00
#11 0.721   Preparing metadata (setup.py): started
#11 0.839   Preparing metadata (setup.py): finished with status 'done'
#11 0.874 Collecting six (from url)
#11 0.883   Downloading six-1.17.0-py2.py3-none-any.whl.metadata (1.7 kB)
#11 0.906 Downloading six-1.17.0-py2.py3-none-any.whl (11 kB)
#11 0.923 Building wheels for collected packages: url
#11 0.927   Building wheel for url (setup.py): started
#11 1.419   Building wheel for url (setup.py): finished with status 'error'
#11 1.426   error: subprocess-exited-with-error
#11 1.426   
#11 1.426   × python setup.py bdist_wheel did not run successfully.
#11 1.426   │ exit code: 1
#11 1.426   ╰─> [102 lines of output]
#11 1.426       Building from C++
#11 1.426       /usr/local/lib/python3.11/site-packages/setuptools/_distutils/dist.py:289: UserWarning: Unknown distribution option: 'tests_require'
#11 1.426         warnings.warn(msg)
#11 1.426       /usr/local/lib/python3.11/site-packages/setuptools/dist.py:599: SetuptoolsDeprecationWarning: Invalid dash-separated key 'description-file' in 'metadata' (setup.cfg), please use the underscore name 'description_file' instead.
#11 1.426       !!
#11 1.426       
#11 1.426               ********************************************************************************
#11 1.426               Usage of dash-separated 'description-file' will not be supported in future
#11 1.426               versions. Please use the underscore name 'description_file' instead.
#11 1.426               (Affected: url).
#11 1.426       
#11 1.426               By 2026-Mar-03, you need to update your project and remove deprecated calls
#11 1.426               or your builds will no longer be supported.
#11 1.426       
#11 1.426               See https://setuptools.pypa.io/en/latest/userguide/declarative_config.html for details.
#11 1.426               ********************************************************************************
#11 1.426       
#11 1.426       !!
#11 1.426         opt = self._enforce_underscore(opt, section)
#11 1.426       /usr/local/lib/python3.11/site-packages/setuptools/dist.py:759: SetuptoolsDeprecationWarning: License classifiers are deprecated.
#11 1.426       !!
#11 1.426       
#11 1.426               ********************************************************************************
#11 1.426               Please consider removing the following classifiers in favor of a SPDX license expression:
#11 1.426       
#11 1.426               License :: OSI Approved :: MIT License
#11 1.426       
#11 1.426               See https://packaging.python.org/en/latest/guides/writing-pyproject-toml/#license for details.
#11 1.426               ********************************************************************************
#11 1.426       
#11 1.426       !!
#11 1.426         self._finalize_license_expression()
#11 1.426       In file included from url/url-cpp/include/punycode.h:10,
#11 1.426                        from url/url-cpp/src/psl.cpp:7:
#11 1.426       url/url-cpp/include/utf8.h:19:17: error: ‘uint32_t’ does not name a type
#11 1.426          19 |         typedef uint32_t codepoint_t;
#11 1.426             |                 ^~~~~~~~
#11 1.426       url/url-cpp/include/utf8.h:1:1: note: ‘uint32_t’ is defined in header ‘<cstdint>’; this is probably fixable by adding ‘#include <cstdint>’
#11 1.426         +++ |+#include <cstdint>
#11 1.426           1 | #ifndef UTF8_CPP_H
#11 1.426       url/url-cpp/include/utf8.h:29:22: error: ‘codepoint_t’ does not name a type
#11 1.426          29 |         static const codepoint_t MAX_CODEPOINT = 0x10FFFF;
#11 1.426             |                      ^~~~~~~~~~~
#11 1.426       url/url-cpp/include/utf8.h:34:16: error: ‘codepoint_t’ does not name a type
#11 1.426          34 |         static codepoint_t readCodepoint(
#11 1.426             |                ^~~~~~~~~~~
#11 1.426       url/url-cpp/include/utf8.h:40:62: error: ‘codepoint_t’ has not been declared
#11 1.426          40 |         static std::string& writeCodepoint(std::string& str, codepoint_t value);
#11 1.426             |                                                              ^~~~~~~~~~~
#11 1.426       url/url-cpp/include/utf8.h:45:16: error: ‘codepoint_t’ does not name a type
#11 1.426          45 |         static codepoint_t toCodepoint(const std::string& str)
#11 1.426             |                ^~~~~~~~~~~
#11 1.426       url/url-cpp/include/utf8.h:54:42: error: ‘codepoint_t’ has not been declared
#11 1.426          54 |         static std::string fromCodepoint(codepoint_t value)
#11 1.426             |                                          ^~~~~~~~~~~
#11 1.426       url/url-cpp/include/utf8.h:64:28: error: ‘codepoint_t’ was not declared in this scope
#11 1.426          64 |         static std::vector<codepoint_t> toCodepoints(const std::string& str)
#11 1.426             |                            ^~~~~~~~~~~
#11 1.426       url/url-cpp/include/utf8.h:64:39: error: template argument 1 is invalid
#11 1.426          64 |         static std::vector<codepoint_t> toCodepoints(const std::string& str)
#11 1.426             |                                       ^
#11 1.426       url/url-cpp/include/utf8.h:64:39: error: template argument 2 is invalid
#11 1.426       url/url-cpp/include/utf8.h:77:61: error: ‘codepoint_t’ was not declared in this scope
#11 1.426          77 |         static std::string fromCodepoints(const std::vector<codepoint_t>& points)
#11 1.426             |                                                             ^~~~~~~~~~~
#11 1.426       url/url-cpp/include/utf8.h:77:72: error: template argument 1 is invalid
#11 1.426          77 |         static std::string fromCodepoints(const std::vector<codepoint_t>& points)
#11 1.426             |                                                                        ^
#11 1.426       url/url-cpp/include/utf8.h:77:72: error: template argument 2 is invalid
#11 1.426       url/url-cpp/include/utf8.h: In static member function ‘static int Url::Utf8::toCodepoints(const std::string&)’:
#11 1.426       url/url-cpp/include/utf8.h:66:25: error: ‘codepoint_t’ was not declared in this scope
#11 1.426          66 |             std::vector<codepoint_t> result;
#11 1.426             |                         ^~~~~~~~~~~
#11 1.426       url/url-cpp/include/utf8.h:66:36: error: template argument 1 is invalid
#11 1.426          66 |             std::vector<codepoint_t> result;
#11 1.426             |                                    ^
#11 1.426       url/url-cpp/include/utf8.h:66:36: error: template argument 2 is invalid
#11 1.426       url/url-cpp/include/utf8.h:69:24: error: request for member ‘push_back’ in ‘result’, which is of non-class type ‘int’
#11 1.426          69 |                 result.push_back(readCodepoint(it, str.end()));
#11 1.426             |                        ^~~~~~~~~
#11 1.426       url/url-cpp/include/utf8.h:69:34: error: ‘readCodepoint’ was not declared in this scope; did you mean ‘writeCodepoint’?
#11 1.426          69 |                 result.push_back(readCodepoint(it, str.end()));
#11 1.426             |                                  ^~~~~~~~~~~~~
#11 1.426             |                                  writeCodepoint
#11 1.426       url/url-cpp/include/utf8.h: In static member function ‘static std::string Url::Utf8::fromCodepoints(const int&)’:
#11 1.426       url/url-cpp/include/utf8.h:80:35: error: request for member ‘begin’ in ‘points’, which is of non-class type ‘const int’
#11 1.426          80 |             for (auto it = points.begin(); it != points.end(); ++it)
#11 1.426             |                                   ^~~~~
#11 1.426       url/url-cpp/include/utf8.h:80:57: error: request for member ‘end’ in ‘points’, which is of non-class type ‘const int’
#11 1.426          80 |             for (auto it = points.begin(); it != points.end(); ++it)
#11 1.426             |                                                         ^~~
#11 1.426       url/url-cpp/include/punycode.h: At global scope:
#11 1.426       url/url-cpp/include/punycode.h:17:23: error: ‘codepoint_t’ in ‘struct Url::Utf8’ does not name a type
#11 1.426          17 |         typedef Utf8::codepoint_t punycode_uint;
#11 1.426             |                       ^~~~~~~~~~~
#11 1.426       url/url-cpp/include/punycode.h:56:15: error: ‘punycode_uint’ does not name a type
#11 1.426          56 |         const punycode_uint MAX_PUNYCODE_UINT = std::numeric_limits<punycode_uint>::max();
#11 1.426             |               ^~~~~~~~~~~~~
#11 1.426       url/url-cpp/include/punycode.h:98:9: error: ‘punycode_uint’ does not name a type
#11 1.426          98 |         punycode_uint adapt(
#11 1.426             |         ^~~~~~~~~~~~~
#11 1.426       error: command '/usr/bin/g++' failed with exit code 1
#11 1.426       [end of output]
#11 1.426   
#11 1.426   note: This error originates from a subprocess, and is likely not a problem with pip.
#11 1.427   ERROR: Failed building wheel for url
#11 1.427   Running setup.py clean for url
#11 1.543 Failed to build url
#11 1.543 ERROR: Could not build wheels for url, which is required to install pyproject.toml-based projects
#11 1.549 
#11 1.549 [notice] A new release of pip is available: 24.0 -> 25.3
#11 1.549 [notice] To update, run: pip install --upgrade pip
#11 ERROR: process "pip install url" did not complete successfully: exit code: 1
------
 > [7/7] RUN ["pip","install","url"]:
1.426       [end of output]
1.426   
1.426   note: This error originates from a subprocess, and is likely not a problem with pip.
1.427   ERROR: Failed building wheel for url
1.427   Running setup.py clean for url
1.543 Failed to build url
1.543 ERROR: Could not build wheels for url, which is required to install pyproject.toml-based projects
1.549 
1.549 [notice] A new release of pip is available: 24.0 -> 25.3
1.549 [notice] To update, run: pip install --upgrade pip
------
Dockerfile:7
--------------------
   5 |     RUN ["pip","install","marrow.mongo"]
   6 |     RUN ["pip","install","WebCore"]
   7 | >>> RUN ["pip","install","url"]
   8 |     CMD ["python3","/snippet.py"]
   9 |     
--------------------
ERROR: failed to build: failed to solve: process "pip install url" did not complete successfully: exit code: 1

View build details: docker-desktop://dashboard/build/default/default/f5t3m9zsw65iswq5m0nhrpn89
[2025-10-29 18:35:52] ERROR: Build failed for 9952389
