=== Docker Run Log for 4893d1a05df86afbc2cf ===
Started at: Mi 29. Okt 15:02:59 CET 2025

[2025-10-29 15:03:05] START: Running container for 4893d1a05df86afbc2cf
[2025-10-29 15:03:05] SUCCESS: Container 9f46fd83fd1e11fe53431f1d49ebf36b03cb0e2495929cb94f81236f71b2c701 started for 4893d1a05df86afbc2cf
=== Container logs for 4893d1a05df86afbc2cf ===
Traceback (most recent call last):
  File "/usr/local/lib/python3.11/site-packages/mysql/connector/network.py", line 509, in open_connection
    self.sock.connect(sockaddr)
ConnectionRefusedError: [Errno 111] Connection refused

During handling of the above exception, another exception occurred:

Traceback (most recent call last):
  File "/snippet.py", line 8, in <module>
    conn = mysql.connect(user="", password="", 
           ^^^^^^^^^^^^^^^^^^^^^^^^^^^^^^^^^^^
  File "/usr/local/lib/python3.11/site-packages/mysql/connector/__init__.py", line 179, in connect
    return MySQLConnection(*args, **kwargs)
           ^^^^^^^^^^^^^^^^^^^^^^^^^^^^^^^^
  File "/usr/local/lib/python3.11/site-packages/mysql/connector/connection.py", line 95, in __init__
    self.connect(**kwargs)
  File "/usr/local/lib/python3.11/site-packages/mysql/connector/abstracts.py", line 716, in connect
    self._open_connection()
  File "/usr/local/lib/python3.11/site-packages/mysql/connector/connection.py", line 206, in _open_connection
    self._socket.open_connection()
  File "/usr/local/lib/python3.11/site-packages/mysql/connector/network.py", line 511, in open_connection
    raise errors.InterfaceError(
mysql.connector.errors.InterfaceError: 2003: Can't connect to MySQL server on 'localhost:3306' (111 Connection refused)
=== End of logs for 4893d1a05df86afbc2cf ===
[2025-10-29 15:03:07] INFO: Container 9f46fd83fd1e11fe53431f1d49ebf36b03cb0e2495929cb94f81236f71b2c701 has stopped
