=== Docker Build Log for 3649773 ===
Started at: Mi 29. Okt 13:55:23 CET 2025

[2025-10-29 13:55:23] START: Building image for 3649773
#0 building with "default" instance using docker driver

#1 [internal] load build definition from Dockerfile
#1 transferring dockerfile: 228B done
#1 DONE 0.0s

#2 [internal] load metadata for docker.io/library/python:3.11
#2 DONE 0.0s

#3 [internal] load .dockerignore
#3 transferring context: 2B done
#3 DONE 0.0s

#4 [internal] load build context
#4 transferring context: 3.78kB 0.0s done
#4 DONE 0.0s

#5 [1/5] FROM docker.io/library/python:3.11
#5 CACHED

#6 [2/5] COPY hard-gists/3649773/snippet.py /snippet.py
#6 DONE 0.1s

#7 [3/5] RUN ["pip","install","dj.choices"]
#7 1.894 Collecting dj.choices
#7 1.929   Downloading dj.choices-0.11.0.tar.gz (28 kB)
#7 1.949   Preparing metadata (setup.py): started
#7 2.335   Preparing metadata (setup.py): finished with status 'done'
#7 2.443 Collecting django (from dj.choices)
#7 2.452   Downloading django-5.2.7-py3-none-any.whl.metadata (4.1 kB)
#7 2.489 Collecting six (from dj.choices)
#7 2.497   Downloading six-1.17.0-py2.py3-none-any.whl.metadata (1.7 kB)
#7 2.543 Collecting asgiref>=3.8.1 (from django->dj.choices)
#7 2.556   Downloading asgiref-3.10.0-py3-none-any.whl.metadata (9.3 kB)
#7 2.595 Collecting sqlparse>=0.3.1 (from django->dj.choices)
#7 2.606   Downloading sqlparse-0.5.3-py3-none-any.whl.metadata (3.9 kB)
#7 2.635 Downloading django-5.2.7-py3-none-any.whl (8.3 MB)
#7 3.221    ━━━━━━━━━━━━━━━━━━━━━━━━━━━━━━━━━━━━━━━━ 8.3/8.3 MB 14.2 MB/s eta 0:00:00
#7 3.229 Downloading six-1.17.0-py2.py3-none-any.whl (11 kB)
#7 3.247 Downloading asgiref-3.10.0-py3-none-any.whl (24 kB)
#7 3.268 Downloading sqlparse-0.5.3-py3-none-any.whl (44 kB)
#7 3.279    ━━━━━━━━━━━━━━━━━━━━━━━━━━━━━━━━━━━━━━━━ 44.4/44.4 kB 3.6 MB/s eta 0:00:00
#7 3.316 Building wheels for collected packages: dj.choices
#7 3.317   Building wheel for dj.choices (setup.py): started
#7 3.484   Building wheel for dj.choices (setup.py): finished with status 'done'
#7 3.484   Created wheel for dj.choices: filename=dj_choices-0.11.0-py3-none-any.whl size=28716 sha256=5fccd563bdc7e2a8c4e8260eb040cbdf574a816d085c690d8aa04a5601f50372
#7 3.484   Stored in directory: /root/.cache/pip/wheels/97/38/bd/4ca089ff8ffdead6a07e7af033d36d74a01ab7a37e70797942
#7 3.486 Successfully built dj.choices
#7 3.531 Installing collected packages: sqlparse, six, asgiref, django, dj.choices
#7 4.964 Successfully installed asgiref-3.10.0 dj.choices-0.11.0 django-5.2.7 six-1.17.0 sqlparse-0.5.3
#7 4.964 WARNING: Running pip as the 'root' user can result in broken permissions and conflicting behaviour with the system package manager. It is recommended to use a virtual environment instead: https://pip.pypa.io/warnings/venv
#7 8.081 
#7 8.081 [notice] A new release of pip is available: 24.0 -> 25.3
#7 8.081 [notice] To update, run: pip install --upgrade pip
#7 DONE 8.6s

#8 [4/5] RUN ["pip","install","Django"]
#8 0.433 Requirement already satisfied: Django in /usr/local/lib/python3.11/site-packages (5.2.7)
#8 0.437 Requirement already satisfied: asgiref>=3.8.1 in /usr/local/lib/python3.11/site-packages (from Django) (3.10.0)
#8 0.438 Requirement already satisfied: sqlparse>=0.3.1 in /usr/local/lib/python3.11/site-packages (from Django) (0.5.3)
#8 0.478 WARNING: Running pip as the 'root' user can result in broken permissions and conflicting behaviour with the system package manager. It is recommended to use a virtual environment instead: https://pip.pypa.io/warnings/venv
#8 0.483 
#8 0.483 [notice] A new release of pip is available: 24.0 -> 25.3
#8 0.483 [notice] To update, run: pip install --upgrade pip
#8 DONE 0.6s

#9 [5/5] RUN ["pip","install","hot"]
#9 0.680 Collecting hot
#9 0.826   Downloading hot-0.5.9.tar.gz (15 kB)
#9 0.903   Preparing metadata (setup.py): started
#9 1.014   Preparing metadata (setup.py): finished with status 'done'
#9 1.068 Collecting Babel==1.3 (from hot)
#9 1.182   Downloading Babel-1.3.tar.gz (3.4 MB)
#9 1.770      ━━━━━━━━━━━━━━━━━━━━━━━━━━━━━━━━━━━━━━━━ 3.4/3.4 MB 5.9 MB/s eta 0:00:00
#9 1.933   Preparing metadata (setup.py): started
#9 2.110   Preparing metadata (setup.py): finished with status 'done'
#9 2.157 Collecting Fabric==1.10.0 (from hot)
#9 2.261   Downloading Fabric-1.10.0.tar.gz (208 kB)
#9 2.298      ━━━━━━━━━━━━━━━━━━━━━━━━━━━━━━━━━━━━━━━ 209.0/209.0 kB 5.7 MB/s eta 0:00:00
#9 2.317   Preparing metadata (setup.py): started
#9 2.433   Preparing metadata (setup.py): finished with status 'done'
#9 2.477 Collecting GitPython==0.1.7 (from hot)
#9 2.587   Downloading GitPython-0.1.7.tar.gz (18 kB)
#9 2.613   Preparing metadata (setup.py): started
#9 2.719   Preparing metadata (setup.py): finished with status 'done'
#9 2.778 Collecting PyYAML==3.11 (from hot)
#9 2.787   Downloading PyYAML-3.11.zip (371 kB)
#9 2.826      ━━━━━━━━━━━━━━━━━━━━━━━━━━━━━━━━━━━━━━━ 371.8/371.8 kB 9.9 MB/s eta 0:00:00
#9 2.884   Preparing metadata (setup.py): started
#9 3.039   Preparing metadata (setup.py): finished with status 'done'
#9 3.069 Collecting argh==0.26.0 (from hot)
#9 3.174   Downloading argh-0.26.0.tar.gz (32 kB)
#9 3.196   Preparing metadata (setup.py): started
#9 3.333   Preparing metadata (setup.py): finished with status 'done'
#9 3.360 Collecting argparse==1.2.1 (from hot)
#9 3.369   Downloading argparse-1.2.1.tar.gz (69 kB)
#9 3.392      ━━━━━━━━━━━━━━━━━━━━━━━━━━━━━━━━━━━━━━━━ 69.3/69.3 kB 2.9 MB/s eta 0:00:00
#9 3.397   Preparing metadata (setup.py): started
#9 3.514   Preparing metadata (setup.py): finished with status 'done'
#9 3.541 Collecting ecdsa==0.11 (from hot)
#9 3.647   Downloading ecdsa-0.11.tar.gz (45 kB)
#9 3.665      ━━━━━━━━━━━━━━━━━━━━━━━━━━━━━━━━━━━━━━━━ 45.7/45.7 kB 2.1 MB/s eta 0:00:00
#9 3.669   Preparing metadata (setup.py): started
#9 3.790   Preparing metadata (setup.py): finished with status 'done'
#9 3.974 Collecting envassert==0.1.7 (from hot)
#9 4.083   Downloading envassert-0.1.7.tar.gz (7.9 kB)
#9 4.101   Preparing metadata (setup.py): started
#9 4.257   Preparing metadata (setup.py): finished with status 'done'
#9 4.289 Collecting iso8601==0.1.10 (from hot)
#9 4.396   Downloading iso8601-0.1.10-py33-none-any.whl.metadata (6.7 kB)
#9 4.435 Collecting netaddr==0.7.12 (from hot)
#9 4.444   Downloading netaddr-0.7.12.zip (1.6 MB)
#9 4.533      ━━━━━━━━━━━━━━━━━━━━━━━━━━━━━━━━━━━━━━━━ 1.6/1.6 MB 17.7 MB/s eta 0:00:00
#9 4.563   Preparing metadata (setup.py): started
#9 4.694   Preparing metadata (setup.py): finished with status 'done'
#9 4.738 Collecting oslo.config==1.4.0 (from hot)
#9 4.841   Downloading oslo.config-1.4.0-py2.py3-none-any.whl.metadata (1.3 kB)
#9 4.882 Collecting oslo.i18n==1.0.0 (from hot)
#9 4.892   Downloading oslo.i18n-1.0.0.tar.gz (31 kB)
#9 4.910   Preparing metadata (setup.py): started
#9 5.551   Preparing metadata (setup.py): finished with status 'done'
#9 5.587 Collecting oslo.serialization==1.0.0 (from hot)
#9 5.596   Downloading oslo.serialization-1.0.0.tar.gz (16 kB)
#9 5.611   Preparing metadata (setup.py): started
#9 6.122   Preparing metadata (setup.py): finished with status 'done'
#9 6.168 Collecting oslo.utils==1.0.0 (from hot)
#9 6.178   Downloading oslo.utils-1.0.0.tar.gz (32 kB)
#9 6.197   Preparing metadata (setup.py): started
#9 6.703   Preparing metadata (setup.py): finished with status 'done'
#9 6.743 Collecting paramiko==1.15.1 (from hot)
#9 6.848   Downloading paramiko-1.15.1-py2.py3-none-any.whl.metadata (1.5 kB)
#9 6.886 Collecting pbr==0.10.0 (from hot)
#9 6.991   Downloading pbr-0.10.0-py2.py3-none-any.whl.metadata (3.9 kB)
#9 7.030 Collecting prettytable==0.7.2 (from hot)
#9 7.040   Downloading prettytable-0.7.2.zip (28 kB)
#9 7.051   Preparing metadata (setup.py): started
#9 7.167   Preparing metadata (setup.py): finished with status 'done'
#9 7.195 Collecting pycrypto==2.6.1 (from hot)
#9 7.204   Downloading pycrypto-2.6.1.tar.gz (446 kB)
#9 7.230      ━━━━━━━━━━━━━━━━━━━━━━━━━━━━━━━━━━━━━━ 446.2/446.2 kB 17.4 MB/s eta 0:00:00
#9 7.263   Preparing metadata (setup.py): started
#9 7.376   Preparing metadata (setup.py): finished with status 'done'
#9 7.409 Collecting python-heatclient==0.2.12 (from hot)
#9 7.512   Downloading python_heatclient-0.2.12-py2.py3-none-any.whl.metadata (1.7 kB)
#9 7.560 Collecting python-keystoneclient==0.11.2 (from hot)
#9 7.663   Downloading python_keystoneclient-0.11.2-py2.py3-none-any.whl.metadata (11 kB)
#9 7.724 Collecting pytz==2014.7 (from hot)
#9 7.839   Downloading pytz-2014.7.zip (492 kB)
#9 7.868      ━━━━━━━━━━━━━━━━━━━━━━━━━━━━━━━━━━━━━━ 492.5/492.5 kB 17.7 MB/s eta 0:00:00
#9 7.921   Preparing metadata (setup.py): started
#9 8.021   Preparing metadata (setup.py): finished with status 'error'
#9 8.024   error: subprocess-exited-with-error
#9 8.024   
#9 8.024   × python setup.py egg_info did not run successfully.
#9 8.024   │ exit code: 1
#9 8.024   ╰─> [17 lines of output]
#9 8.024       Traceback (most recent call last):
#9 8.024         File "/tmp/pip-install-8p56vnae/pytz_b9aeae515c614af58990375762b2e498/pytz/lazy.py", line 3, in <module>
#9 8.024           from UserDict import DictMixin
#9 8.024       ModuleNotFoundError: No module named 'UserDict'
#9 8.024       
#9 8.024       During handling of the above exception, another exception occurred:
#9 8.024       
#9 8.024       Traceback (most recent call last):
#9 8.024         File "<string>", line 2, in <module>
#9 8.024         File "<pip-setuptools-caller>", line 34, in <module>
#9 8.024         File "/tmp/pip-install-8p56vnae/pytz_b9aeae515c614af58990375762b2e498/setup.py", line 5, in <module>
#9 8.024           import pytz, sys, os, os.path
#9 8.024         File "/tmp/pip-install-8p56vnae/pytz_b9aeae515c614af58990375762b2e498/pytz/__init__.py", line 37, in <module>
#9 8.024           from pytz.lazy import LazyDict, LazyList, LazySet
#9 8.024         File "/tmp/pip-install-8p56vnae/pytz_b9aeae515c614af58990375762b2e498/pytz/lazy.py", line 5, in <module>
#9 8.024           from collections import Mapping as DictMixin
#9 8.024       ImportError: cannot import name 'Mapping' from 'collections' (/usr/local/lib/python3.11/collections/__init__.py)
#9 8.024       [end of output]
#9 8.024   
#9 8.024   note: This error originates from a subprocess, and is likely not a problem with pip.
#9 8.025 error: metadata-generation-failed
#9 8.025 
#9 8.025 × Encountered error while generating package metadata.
#9 8.025 ╰─> See above for output.
#9 8.025 
#9 8.025 note: This is an issue with the package mentioned above, not pip.
#9 8.025 hint: See above for details.
#9 8.031 
#9 8.031 [notice] A new release of pip is available: 24.0 -> 25.3
#9 8.031 [notice] To update, run: pip install --upgrade pip
#9 ERROR: process "pip install hot" did not complete successfully: exit code: 1
------
 > [5/5] RUN ["pip","install","hot"]:
8.025 error: metadata-generation-failed
8.025 
8.025 × Encountered error while generating package metadata.
8.025 ╰─> See above for output.
8.025 
8.025 note: This is an issue with the package mentioned above, not pip.
8.025 hint: See above for details.
8.031 
8.031 [notice] A new release of pip is available: 24.0 -> 25.3
8.031 [notice] To update, run: pip install --upgrade pip
------
Dockerfile:5
--------------------
   3 |     RUN ["pip","install","dj.choices"]
   4 |     RUN ["pip","install","Django"]
   5 | >>> RUN ["pip","install","hot"]
   6 |     CMD ["python3","/snippet.py"]
   7 |     
--------------------
ERROR: failed to build: failed to solve: process "pip install hot" did not complete successfully: exit code: 1

View build details: docker-desktop://dashboard/build/default/default/qnt7pw6ft66bwp1e4uzxcfi29
[2025-10-29 13:55:41] ERROR: Build failed for 3649773
