=== Docker Build Log for 7443646 ===
Started at: Mi 29. Okt 17:09:22 CET 2025

[2025-10-29 17:09:22] START: Building image for 7443646
#0 building with "default" instance using docker driver

#1 [internal] load build definition from Dockerfile
#1 transferring dockerfile: 194B done
#1 DONE 0.0s

#2 [internal] load metadata for docker.io/library/python:3.11
#2 DONE 0.0s

#3 [internal] load .dockerignore
#3 transferring context: 2B done
#3 DONE 0.0s

#4 [internal] load build context
#4 transferring context: 1.42kB 0.0s done
#4 DONE 0.0s

#5 [1/4] FROM docker.io/library/python:3.11
#5 CACHED

#6 [2/4] COPY hard-gists/7443646/snippet.py /snippet.py
#6 DONE 0.1s

#7 [3/4] RUN ["pip","install","osgeo"]
#7 2.184 Collecting osgeo
#7 2.229   Downloading osgeo-0.0.1.tar.gz (1.2 kB)
#7 2.240   Preparing metadata (setup.py): started
#7 2.687   Preparing metadata (setup.py): finished with status 'done'
#7 2.688 Building wheels for collected packages: osgeo
#7 2.689   Building wheel for osgeo (setup.py): started
#7 2.869   Building wheel for osgeo (setup.py): finished with status 'error'
#7 2.874   error: subprocess-exited-with-error
#7 2.874   
#7 2.874   × python setup.py bdist_wheel did not run successfully.
#7 2.874   │ exit code: 1
#7 2.874   ╰─> [49 lines of output]
#7 2.874       running bdist_wheel
#7 2.874       running build
#7 2.874       /usr/local/lib/python3.11/site-packages/setuptools/_distutils/cmd.py:90: SetuptoolsDeprecationWarning: setup.py install is deprecated.
#7 2.874       !!
#7 2.874       
#7 2.874               ********************************************************************************
#7 2.874               Please avoid running ``setup.py`` directly.
#7 2.874               Instead, use pypa/build, pypa/installer or other
#7 2.874               standards-based tools.
#7 2.874       
#7 2.874               See https://blog.ganssle.io/articles/2021/10/setup-py-deprecated.html for details.
#7 2.874               ********************************************************************************
#7 2.874       
#7 2.874       !!
#7 2.874         self.initialize_options()
#7 2.874       installing to build/bdist.linux-x86_64/wheel
#7 2.874       running install
#7 2.874       Traceback (most recent call last):
#7 2.874         File "<string>", line 2, in <module>
#7 2.874         File "<pip-setuptools-caller>", line 34, in <module>
#7 2.874         File "/tmp/pip-install-tb_kc967/osgeo_f50fc7e9c67e4addaa65aa979f28c37f/setup.py", line 32, in <module>
#7 2.874           setup(
#7 2.874         File "/usr/local/lib/python3.11/site-packages/setuptools/__init__.py", line 117, in setup
#7 2.874           return distutils.core.setup(**attrs)
#7 2.874                  ^^^^^^^^^^^^^^^^^^^^^^^^^^^^^
#7 2.874         File "/usr/local/lib/python3.11/site-packages/setuptools/_distutils/core.py", line 186, in setup
#7 2.874           return run_commands(dist)
#7 2.874                  ^^^^^^^^^^^^^^^^^^
#7 2.874         File "/usr/local/lib/python3.11/site-packages/setuptools/_distutils/core.py", line 202, in run_commands
#7 2.874           dist.run_commands()
#7 2.874         File "/usr/local/lib/python3.11/site-packages/setuptools/_distutils/dist.py", line 1002, in run_commands
#7 2.874           self.run_command(cmd)
#7 2.874         File "/usr/local/lib/python3.11/site-packages/setuptools/dist.py", line 1104, in run_command
#7 2.874           super().run_command(command)
#7 2.874         File "/usr/local/lib/python3.11/site-packages/setuptools/_distutils/dist.py", line 1021, in run_command
#7 2.874           cmd_obj.run()
#7 2.874         File "/usr/local/lib/python3.11/site-packages/setuptools/command/bdist_wheel.py", line 405, in run
#7 2.874           self.run_command("install")
#7 2.874         File "/usr/local/lib/python3.11/site-packages/setuptools/_distutils/cmd.py", line 357, in run_command
#7 2.874           self.distribution.run_command(command)
#7 2.874         File "/usr/local/lib/python3.11/site-packages/setuptools/dist.py", line 1104, in run_command
#7 2.874           super().run_command(command)
#7 2.874         File "/usr/local/lib/python3.11/site-packages/setuptools/_distutils/dist.py", line 1021, in run_command
#7 2.874           cmd_obj.run()
#7 2.874         File "/tmp/pip-install-tb_kc967/osgeo_f50fc7e9c67e4addaa65aa979f28c37f/setup.py", line 27, in run
#7 2.874           raise Exception(error_msg)
#7 2.874       Exception: In order to be able to run `from osgeo import gdal`,
#7 2.874       You were probably trying to install `gdal` by running `pip install osgeo`.
#7 2.874       Instead, you should either `pip install gdal` or replace `osgeo` with `gdal` in your requirements.
#7 2.874       [end of output]
#7 2.874   
#7 2.874   note: This error originates from a subprocess, and is likely not a problem with pip.
#7 2.875   ERROR: Failed building wheel for osgeo
#7 2.875   Running setup.py clean for osgeo
#7 3.007 Failed to build osgeo
#7 3.007 ERROR: Could not build wheels for osgeo, which is required to install pyproject.toml-based projects
#7 3.120 
#7 3.120 [notice] A new release of pip is available: 24.0 -> 25.3
#7 3.120 [notice] To update, run: pip install --upgrade pip
#7 ERROR: process "pip install osgeo" did not complete successfully: exit code: 1
------
 > [3/4] RUN ["pip","install","osgeo"]:
2.874       [end of output]
2.874   
2.874   note: This error originates from a subprocess, and is likely not a problem with pip.
2.875   ERROR: Failed building wheel for osgeo
2.875   Running setup.py clean for osgeo
3.007 Failed to build osgeo
3.007 ERROR: Could not build wheels for osgeo, which is required to install pyproject.toml-based projects
3.120 
3.120 [notice] A new release of pip is available: 24.0 -> 25.3
3.120 [notice] To update, run: pip install --upgrade pip
------
Dockerfile:3
--------------------
   1 |     FROM python:3.11
   2 |     COPY hard-gists/7443646/snippet.py /snippet.py
   3 | >>> RUN ["pip","install","osgeo"]
   4 |     RUN ["pip","install","numpy"]
   5 |     CMD ["python3","/snippet.py"]
--------------------
ERROR: failed to build: failed to solve: process "pip install osgeo" did not complete successfully: exit code: 1

View build details: docker-desktop://dashboard/build/default/default/eb1zsdifwqyx4kkrp1q1ri3vu
[2025-10-29 17:09:26] ERROR: Build failed for 7443646
